Start auto log messages stack - Iteration 1.	[MsgId: MMSG-10545]
Action.c(68): Warning -26594: The header being added may cause unpredictable results if applied to ALL the URLs generated on behalf of the next script function. It will apply to the primary URL only.  	[MsgId: MWAR-26594]
Action.c(68): web_add_header("Authorization") highest severity level was "warning"  	[MsgId: MMSG-26391]
Action.c(71): web_add_header("Origin") started  	[MsgId: MMSG-26355]
Action.c(71): web_add_header("Origin") was successful  	[MsgId: MMSG-26392]
Action.c(74): web_reg_find started  	[MsgId: MMSG-26355]
Action.c(74): Registering web_reg_find was successful  	[MsgId: MMSG-26390]
Action.c(77): web_submit_data("414141") started  	[MsgId: MMSG-26355]
Action.c(77): Error -26612: HTTP Status-Code=500 (Internal Server Error) for "https://www.advantageonlineshopping.com/order/api/v1/carts/755741399/product/20/color/414141?quantity=2"  	[MsgId: MERR-26612]
Action.c(77): Error -26366: "Text=Bose Soundlink Bluetooth Speaker" not found for web_reg_find  	[MsgId: MERR-26366]
End auto log messages stack.	[MsgId: MMSG-10544]


Start auto log messages stack - Iteration 3.	[MsgId: MMSG-10545]
Action.c(68): Warning -26594: The header being added may cause unpredictable results if applied to ALL the URLs generated on behalf of the next script function. It will apply to the primary URL only.  	[MsgId: MWAR-26594]
Action.c(68): web_add_header("Authorization") highest severity level was "warning"  	[MsgId: MMSG-26391]
Action.c(71): web_add_header("Origin") started  	[MsgId: MMSG-26355]
Action.c(71): web_add_header("Origin") was successful  	[MsgId: MMSG-26392]
Action.c(74): web_reg_find started  	[MsgId: MMSG-26355]
Action.c(74): Registering web_reg_find was successful  	[MsgId: MMSG-26390]
Action.c(77): web_submit_data("414141") started  	[MsgId: MMSG-26355]
Action.c(77): Error -26612: HTTP Status-Code=500 (Internal Server Error) for "https://www.advantageonlineshopping.com/order/api/v1/carts/123467451/product/20/color/414141?quantity=2"  	[MsgId: MERR-26612]
Action.c(77): Error -26366: "Text=Bose Soundlink Bluetooth Speaker" not found for web_reg_find  	[MsgId: MERR-26366]
End auto log messages stack.	[MsgId: MMSG-10544]


