..\\Parameters\\common.h(89): Warning -26627: HTTP Status-Code=404 (Not Found) for "https://www.advantageonlineshopping.com/app/views/css/images/Special-offer.jpg"  	[MsgId: MWAR-26627]
Action.c(96): web_custom_request("shippingcost") was successful, 126 body bytes, 492 header bytes  	[MsgId: MMSG-26386]
Action.c(109): web_add_header("SOAPAction") started  	[MsgId: MMSG-26355]
Action.c(109): web_add_header("SOAPAction") was successful  	[MsgId: MMSG-26392]
Action.c(112): web_add_header("X-Requested-With") started  	[MsgId: MMSG-26355]
Action.c(112): web_add_header("X-Requested-With") was successful  	[MsgId: MMSG-26392]
Action.c(115): web_custom_request("GetAccountPaymentPreferencesRequest") started  	[MsgId: MMSG-26355]
..\\Parameters\\common.h(89): Warning -26627: HTTP Status-Code=404 (Not Found) for "https://www.advantageonlineshopping.com/app/views/"  	[MsgId: MWAR-26627]
..\\Parameters\\common.h(89): web_url("home-page.html") highest severity level was "warning", 56011 body bytes, 2201 header bytes  	[MsgId: MMSG-26388]
..\\Parameters\\common.h(99): Notify: Transaction "Open_homepage" ended with a "Pass" status (Duration: 2,1692 Wasted Time: 0,0006).	[MsgId: MMSG-16871]
Action.c(7): lr_think_time: 2,00 seconds.	[MsgId: MMSG-15948]
..\\Parameters\\common.h(237): web_url("all_data") was successful, 8523 body bytes, 375 header bytes  	[MsgId: MMSG-26386]
..\\Parameters\\common.h(247): Notify: Transaction "product_selection" ended with a "Pass" status (Duration: 1,6696 Wasted Time: 0,0000).	[MsgId: MMSG-16871]
Action.c(19): lr_think_time: 2,00 seconds.	[MsgId: MMSG-15948]
Action.c(115): web_custom_request("GetAccountPaymentPreferencesRequest") was successful, 492 body bytes, 735 header bytes  	[MsgId: MMSG-26386]
Action.c(128): web_remove_auto_header("Origin") started  	[MsgId: MMSG-26355]
Action.c(128): Previous automatically added web header for "Origin" removed  	[MsgId: MMSG-26587]
Action.c(128): web_remove/revert_auto_header("Origin") was successful  	[MsgId: MMSG-26392]
Action.c(130): web_url("orderPayment-page.html") started  	[MsgId: MMSG-26355]
Action.c(130): web_url("orderPayment-page.html") was successful, 914 body bytes, 406 header bytes  	[MsgId: MMSG-26386]
Action.c(140): web_add_header("SOAPAction") started  	[MsgId: MMSG-26355]
Action.c(140): web_add_header("SOAPAction") was successful  	[MsgId: MMSG-26392]
Action.c(143): web_add_auto_header("Origin") started  	[MsgId: MMSG-26355]
Action.c(143): web_add_auto_header("Origin") was successful  	[MsgId: MMSG-26392]
Action.c(146): web_add_auto_header("X-Requested-With") started  	[MsgId: MMSG-26355]
Action.c(146): web_add_auto_header("X-Requested-With") was successful  	[MsgId: MMSG-26392]
Action.c(149): web_custom_request("GetCountriesRequest") started  	[MsgId: MMSG-26355]
Action.c(149): web_custom_request("GetCountriesRequest") was successful, 4184 body bytes, 761 header bytes  	[MsgId: MMSG-26386]
Action.c(162): Notify: Transaction "Shipping_Details" ended with a "Pass" status (Duration: 2,4467 Wasted Time: 0,0000).	[MsgId: MMSG-16871]
Action.c(164): lr_think_time: 2,00 seconds.	[MsgId: MMSG-15948]
..\\Parameters\\common.h(104): Notify: Transaction "log_in" started.	[MsgId: MMSG-16999]
..\\Parameters\\common.h(106): web_add_header("Origin") started  	[MsgId: MMSG-26355]
..\\Parameters\\common.h(106): web_add_header("Origin") was successful  	[MsgId: MMSG-26392]
..\\Parameters\\common.h(109): web_add_header("SOAPAction") started  	[MsgId: MMSG-26355]
..\\Parameters\\common.h(109): web_add_header("SOAPAction") was successful  	[MsgId: MMSG-26392]
..\\Parameters\\common.h(112): web_add_header("X-Requested-With") started  	[MsgId: MMSG-26355]
..\\Parameters\\common.h(112): web_add_header("X-Requested-With") was successful  	[MsgId: MMSG-26392]
..\\Parameters\\common.h(115): web_reg_save_param started  	[MsgId: MMSG-26355]
..\\Parameters\\common.h(115): Registering web_reg_save_param was successful  	[MsgId: MMSG-26390]
..\\Parameters\\common.h(120): web_reg_save_param started  	[MsgId: MMSG-26355]
..\\Parameters\\common.h(120): Registering web_reg_save_param was successful  	[MsgId: MMSG-26390]
..\\Parameters\\common.h(125): web_reg_find started  	[MsgId: MMSG-26355]
..\\Parameters\\common.h(125): Registering web_reg_find was successful  	[MsgId: MMSG-26390]
..\\Parameters\\common.h(128): web_custom_request("AccountLoginRequest") started  	[MsgId: MMSG-26355]
..\\Parameters\\common.h(253): Notify: Transaction "Click_Checkout" started.	[MsgId: MMSG-16999]
..\\Parameters\\common.h(255): web_add_header("Authorization") started  	[MsgId: MMSG-26355]
..\\Parameters\\common.h(255): Warning -26594: The header being added may cause unpredictable results if applied to ALL the URLs generated on behalf of the next script function. It will apply to the primary URL only.  	[MsgId: MWAR-26594]
..\\Parameters\\common.h(255): web_add_header("Authorization") highest severity level was "warning"  	[MsgId: MMSG-26391]
..\\Parameters\\common.h(258): web_add_header("Origin") started  	[MsgId: MMSG-26355]
..\\Parameters\\common.h(258): web_add_header("Origin") was successful  	[MsgId: MMSG-26392]
..\\Parameters\\common.h(261): web_reg_find started  	[MsgId: MMSG-26355]
..\\Parameters\\common.h(261): Registering web_reg_find was successful  	[MsgId: MMSG-26390]
..\\Parameters\\common.h(264): web_submit_data("414141") started  	[MsgId: MMSG-26355]
..\\Parameters\\common.h(128): Registered web_reg_find successful for "Text=Login Successful" (count=1)  	[MsgId: MMSG-26364]
..\\Parameters\\common.h(128): web_custom_request("AccountLoginRequest") was successful, 777 body bytes, 735 header bytes  	[MsgId: MMSG-26386]
..\\Parameters\\common.h(141): web_set_sockets_option started  	[MsgId: MMSG-26355]
..\\Parameters\\common.h(141): web_set_sockets_option was successful  	[MsgId: MMSG-26392]
..\\Parameters\\common.h(144): web_url("register-page.html") started  	[MsgId: MMSG-26355]
..\\Parameters\\common.h(144): web_url("register-page.html") was successful, 1469 body bytes, 406 header bytes  	[MsgId: MMSG-26386]
..\\Parameters\\common.h(153): Notify: Transaction "log_in" ended with a "Pass" status (Duration: 0,5638 Wasted Time: 0,0000).	[MsgId: MMSG-16871]
Action.c(11): lr_think_time: 2,00 seconds.	[MsgId: MMSG-15948]
..\\Parameters\\common.h(264): Registered web_reg_find successful for "Text=Bose Soundlink Bluetooth Speaker II" (count=1)  	[MsgId: MMSG-26364]
..\\Parameters\\common.h(264): web_submit_data("414141") was successful, 214 body bytes, 572 header bytes  	[MsgId: MMSG-26386]
..\\Parameters\\common.h(275): web_add_header("Authorization") started  	[MsgId: MMSG-26355]
..\\Parameters\\common.h(275): Warning -26594: The header being added may cause unpredictable results if applied to ALL the URLs generated on behalf of the next script function. It will apply to the primary URL only.  	[MsgId: MWAR-26594]
..\\Parameters\\common.h(275): web_add_header("Authorization") highest severity level was "warning"  	[MsgId: MMSG-26391]
..\\Parameters\\common.h(278): web_reg_save_param started  	[MsgId: MMSG-26355]
..\\Parameters\\common.h(278): Registering web_reg_save_param was successful  	[MsgId: MMSG-26390]
..\\Parameters\\common.h(283): web_url("{userId}_2") started  	[MsgId: MMSG-26355]
Action.c(166): Notify: Transaction "Pay_now" started.	[MsgId: MMSG-16999]
Action.c(168): web_add_header("SOAPAction") started  	[MsgId: MMSG-26355]
Action.c(168): web_add_header("SOAPAction") was successful  	[MsgId: MMSG-26392]
Action.c(171): web_custom_request("AddSafePayMethodRequest") started  	[MsgId: MMSG-26355]
..\\Parameters\\common.h(283): web_url("{userId}_2") was successful, 247 body bytes, 455 header bytes  	[MsgId: MMSG-26386]
..\\Parameters\\common.h(293): web_url("shoppingCart.html") started  	[MsgId: MMSG-26355]
Action.c(171): web_custom_request("AddSafePayMethodRequest") was successful, 408 body bytes, 735 header bytes  	[MsgId: MMSG-26386]
Action.c(186): web_add_header("Authorization") started  	[MsgId: MMSG-26355]
Action.c(186): Warning -26594: The header being added may cause unpredictable results if applied to ALL the URLs generated on behalf of the next script function. It will apply to the primary URL only.  	[MsgId: MWAR-26594]
Action.c(186): web_add_header("Authorization") highest severity level was "warning"  	[MsgId: MMSG-26391]
Action.c(189): web_remove_auto_header("X-Requested-With") started  	[MsgId: MMSG-26355]
Action.c(189): Previous automatically added web header for "X-Requested-With" removed  	[MsgId: MMSG-26587]
Action.c(189): web_remove/revert_auto_header("X-Requested-With") was successful  	[MsgId: MMSG-26392]
Action.c(192): web_custom_request("{userId}_4") started  	[MsgId: MMSG-26355]
..\\Parameters\\common.h(293): Found resource "https://www.advantageonlineshopping.com/css/images/Master_credit.png" in HTML "https://www.advantageonlineshopping.com/app/views/shoppingCart.html"  	[MsgId: MMSG-26659]
..\\Parameters\\common.h(293): Found resource "https://www.advantageonlineshopping.com/css/images/SafePay.png" in HTML "https://www.advantageonlineshopping.com/app/views/shoppingCart.html"  	[MsgId: MMSG-26659]
Starting iteration 133.	[MsgId: MMSG-15968]
Starting action Action.	[MsgId: MMSG-15919]
Action.c(3): Notify: Transaction "UC03_purchase_of_goods" started.	[MsgId: MMSG-16999]
..\\Parameters\\common.h(3): Notify: Transaction "Open_homepage" started.	[MsgId: MMSG-16999]
..\\Parameters\\common.h(5): web_set_sockets_option started  	[MsgId: MMSG-26355]
..\\Parameters\\common.h(5): web_set_sockets_option was successful  	[MsgId: MMSG-26392]
..\\Parameters\\common.h(7): web_add_cookie started  	[MsgId: MMSG-26355]
..\\Parameters\\common.h(7): web_add_cookie was successful  	[MsgId: MMSG-26392]
..\\Parameters\\common.h(9): web_add_cookie started  	[MsgId: MMSG-26355]
..\\Parameters\\common.h(9): web_add_cookie was successful  	[MsgId: MMSG-26392]
..\\Parameters\\common.h(11): web_add_cookie started  	[MsgId: MMSG-26355]
..\\Parameters\\common.h(11): web_add_cookie was successful  	[MsgId: MMSG-26392]
..\\Parameters\\common.h(13): web_add_auto_header("Sec-Fetch-Dest") started  	[MsgId: MMSG-26355]
..\\Parameters\\common.h(13): web_add_auto_header("Sec-Fetch-Dest") was successful  	[MsgId: MMSG-26392]
..\\Parameters\\common.h(16): web_add_auto_header("Sec-Fetch-Mode") started  	[MsgId: MMSG-26355]
..\\Parameters\\common.h(16): web_add_auto_header("Sec-Fetch-Mode") was successful  	[MsgId: MMSG-26392]
..\\Parameters\\common.h(19): web_add_auto_header("Sec-Fetch-Site") started  	[MsgId: MMSG-26355]
..\\Parameters\\common.h(19): web_add_auto_header("Sec-Fetch-Site") was successful  	[MsgId: MMSG-26392]
..\\Parameters\\common.h(22): web_add_auto_header("sec-ch-ua") started  	[MsgId: MMSG-26355]
..\\Parameters\\common.h(22): web_add_auto_header("sec-ch-ua") was successful  	[MsgId: MMSG-26392]
..\\Parameters\\common.h(25): web_add_auto_header("sec-ch-ua-mobile") started  	[MsgId: MMSG-26355]
..\\Parameters\\common.h(25): web_add_auto_header("sec-ch-ua-mobile") was successful  	[MsgId: MMSG-26392]
..\\Parameters\\common.h(28): web_add_auto_header("sec-ch-ua-platform") started  	[MsgId: MMSG-26355]
..\\Parameters\\common.h(28): web_add_auto_header("sec-ch-ua-platform") was successful  	[MsgId: MMSG-26392]
..\\Parameters\\common.h(32): web_url("ALL") started  	[MsgId: MMSG-26355]
..\\Parameters\\common.h(293): web_url("shoppingCart.html") was successful, 7766 body bytes, 1178 header bytes  	[MsgId: MMSG-26386]
..\\Parameters\\common.h(303): Notify: Transaction "Click_Checkout" ended with a "Pass" status (Duration: 1,4503 Wasted Time: 0,0000).	[MsgId: MMSG-16871]
Action.c(23): lr_think_time: 2,00 seconds.	[MsgId: MMSG-15948]
Action.c(192): web_custom_request("{userId}_4") was successful, 162 body bytes, 492 header bytes  	[MsgId: MMSG-26386]
Action.c(207): web_add_header("Authorization") started  	[MsgId: MMSG-26355]
Action.c(207): Warning -26594: The header being added may cause unpredictable results if applied to ALL the URLs generated on behalf of the next script function. It will apply to the primary URL only.  	[MsgId: MWAR-26594]
Action.c(207): web_add_header("Authorization") highest severity level was "warning"  	[MsgId: MMSG-26391]
Action.c(210): web_custom_request("{userId}_5") started  	[MsgId: MMSG-26355]
Action.c(210): web_custom_request("{userId}_5") was successful, 65 body bytes, 492 header bytes  	[MsgId: MMSG-26386]
Action.c(221): Notify: Transaction "Pay_now" ended with a "Pass" status (Duration: 1,3290 Wasted Time: 0,0000).	[MsgId: MMSG-16871]
Action.c(223): lr_think_time: 2,00 seconds.	[MsgId: MMSG-15948]
..\\Parameters\\common.h(32): web_url("ALL") was successful, 6541 body bytes, 375 header bytes  	[MsgId: MMSG-26386]
..\\Parameters\\common.h(42): web_add_cookie started  	[MsgId: MMSG-26355]
..\\Parameters\\common.h(42): web_add_cookie was successful  	[MsgId: MMSG-26392]
..\\Parameters\\common.h(44): web_add_header("Origin") started  	[MsgId: MMSG-26355]
..\\Parameters\\common.h(44): web_add_header("Origin") was successful  	[MsgId: MMSG-26392]
..\\Parameters\\common.h(47): web_add_header("SOAPAction") started  	[MsgId: MMSG-26355]
..\\Parameters\\common.h(47): web_add_header("SOAPAction") was successful  	[MsgId: MMSG-26392]
..\\Parameters\\common.h(50): web_add_header("X-Requested-With") started  	[MsgId: MMSG-26355]
..\\Parameters\\common.h(50): web_add_header("X-Requested-With") was successful  	[MsgId: MMSG-26392]
..\\Parameters\\common.h(53): web_reg_find started  	[MsgId: MMSG-26355]
..\\Parameters\\common.h(53): Registering web_reg_find was successful  	[MsgId: MMSG-26390]
..\\Parameters\\common.h(56): web_custom_request("GetAccountConfigurationRequest") started  	[MsgId: MMSG-26355]
..\\Parameters\\common.h(56): Registered web_reg_find successful for "Text=advantageonlineshopping.com" (count=1)  	[MsgId: MMSG-26364]
..\\Parameters\\common.h(56): web_custom_request("GetAccountConfigurationRequest") was successful, 823 body bytes, 735 header bytes  	[MsgId: MMSG-26386]
..\\Parameters\\common.h(69): web_url("categories") started  	[MsgId: MMSG-26355]
..\\Parameters\\common.h(159): Notify: Transaction "open_categories_speakers" started.	[MsgId: MMSG-16999]
..\\Parameters\\common.h(161): web_reg_find started  	[MsgId: MMSG-26355]
..\\Parameters\\common.h(161): Registering web_reg_find was successful  	[MsgId: MMSG-26390]
..\\Parameters\\common.h(164): web_url("products") started  	[MsgId: MMSG-26355]
..\\Parameters\\common.h(69): web_url("categories") was successful, 4485 body bytes, 375 header bytes  	[MsgId: MMSG-26386]
..\\Parameters\\common.h(79): web_url("search") started  	[MsgId: MMSG-26355]
..\\Parameters\\common.h(164): Registered web_reg_find successful for "Text=SPEAKERS" (count=2)  	[MsgId: MMSG-26364]
..\\Parameters\\common.h(164): web_url("products") was successful, 1976 body bytes, 375 header bytes  	[MsgId: MMSG-26386]
..\\Parameters\\common.h(174): web_url("attributes") started  	[MsgId: MMSG-26355]
..\\Parameters\\common.h(79): web_url("search") was successful, 351 body bytes, 375 header bytes  	[MsgId: MMSG-26386]
..\\Parameters\\common.h(89): web_url("home-page.html") started  	[MsgId: MMSG-26355]
..\\Parameters\\common.h(89): Found resource "https://www.advantageonlineshopping.com/app/views/css/images/Special-offer.jpg" in HTML "https://www.advantageonlineshopping.com/app/views/home-page.html"  	[MsgId: MMSG-26659]
..\\Parameters\\common.h(89): Found resource "https://www.advantageonlineshopping.com/css/images/chat_logo.png" in HTML "https://www.advantageonlineshopping.com/app/views/home-page.html"  	[MsgId: MMSG-26659]
..\\Parameters\\common.h(89): Found resource "https://www.advantageonlineshopping.com/app/views/" in HTML "https://www.advantageonlineshopping.com/app/views/home-page.html"  	[MsgId: MMSG-26659]
..\\Parameters\\common.h(89): Downloading resource "https://www.advantageonlineshopping.com/css/fonts/roboto_bold_macroman/Roboto-Bold-webfont.woff" (specified by argument number 8)  	[MsgId: MMSG-26577]
..\\Parameters\\common.h(89): Downloading resource "https://www.advantageonlineshopping.com/css/fonts/roboto_thin_macroman/Roboto-Thin-webfont.woff" (specified by argument number 11)  	[MsgId: MMSG-26577]
..\\Parameters\\common.h(174): web_url("attributes") was successful, 552 body bytes, 375 header bytes  	[MsgId: MMSG-26386]
..\\Parameters\\common.h(184): web_url("category-page.html") started  	[MsgId: MMSG-26355]
..\\Parameters\\common.h(89): Warning -26627: HTTP Status-Code=404 (Not Found) for "https://www.advantageonlineshopping.com/app/views/css/images/Special-offer.jpg"  	[MsgId: MWAR-26627]
..\\Parameters\\common.h(184): web_url("category-page.html") was successful, 741 body bytes, 361 header bytes  	[MsgId: MMSG-26386]
..\\Parameters\\common.h(194): Notify: Transaction "open_categories_speakers" ended with a "Pass" status (Duration: 0,7316 Wasted Time: 0,0000).	[MsgId: MMSG-16871]
Action.c(15): lr_think_time: 2,00 seconds.	[MsgId: MMSG-15948]
..\\Parameters\\common.h(89): Warning -26627: HTTP Status-Code=404 (Not Found) for "https://www.advantageonlineshopping.com/app/views/"  	[MsgId: MWAR-26627]
Action.c(25): Notify: Transaction "Shipping_Details" started.	[MsgId: MMSG-16999]
Action.c(27): web_add_header("SOAPAction") started  	[MsgId: MMSG-26355]
Action.c(27): web_add_header("SOAPAction") was successful  	[MsgId: MMSG-26392]
Action.c(30): web_add_auto_header("Origin") started  	[MsgId: MMSG-26355]
Action.c(30): web_add_auto_header("Origin") was successful  	[MsgId: MMSG-26392]
Action.c(33): web_add_auto_header("X-Requested-With") started  	[MsgId: MMSG-26355]
Action.c(33): web_add_auto_header("X-Requested-With") was successful  	[MsgId: MMSG-26392]
Action.c(36): web_reg_find started  	[MsgId: MMSG-26355]
Action.c(36): Registering web_reg_find was successful  	[MsgId: MMSG-26390]
Action.c(39): web_custom_request("GetAccountByIdRequest") started  	[MsgId: MMSG-26355]
..\\Parameters\\common.h(89): web_url("home-page.html") highest severity level was "warning", 56011 body bytes, 2201 header bytes  	[MsgId: MMSG-26388]
..\\Parameters\\common.h(99): Notify: Transaction "Open_homepage" ended with a "Pass" status (Duration: 2,1651 Wasted Time: 0,0006).	[MsgId: MMSG-16871]
Action.c(7): lr_think_time: 2,00 seconds.	[MsgId: MMSG-15948]
Action.c(39): Registered web_reg_find successful for "Text=736403959" (count=1)  	[MsgId: MMSG-26364]
Action.c(39): web_custom_request("GetAccountByIdRequest") was successful, 1187 body bytes, 736 header bytes  	[MsgId: MMSG-26386]
Action.c(52): web_add_header("SOAPAction") started  	[MsgId: MMSG-26355]
Action.c(52): web_add_header("SOAPAction") was successful  	[MsgId: MMSG-26392]
Action.c(55): web_custom_request("GetAccountByIdNewRequest") started  	[MsgId: MMSG-26355]
..\\Parameters\\common.h(309): Notify: Transaction "Click_basket" started.	[MsgId: MMSG-16999]
..\\Parameters\\common.h(311): web_add_header("Authorization") started  	[MsgId: MMSG-26355]
..\\Parameters\\common.h(311): Warning -26594: The header being added may cause unpredictable results if applied to ALL the URLs generated on behalf of the next script function. It will apply to the primary URL only.  	[MsgId: MWAR-26594]
..\\Parameters\\common.h(311): web_add_header("Authorization") highest severity level was "warning"  	[MsgId: MMSG-26391]
..\\Parameters\\common.h(314): web_reg_find started  	[MsgId: MMSG-26355]
..\\Parameters\\common.h(314): Registering web_reg_find was successful  	[MsgId: MMSG-26390]
..\\Parameters\\common.h(317): web_url("{userId}_3") started  	[MsgId: MMSG-26355]
Action.c(55): web_custom_request("GetAccountByIdNewRequest") was successful, 1118 body bytes, 736 header bytes  	[MsgId: MMSG-26386]
Action.c(68): web_remove_auto_header("Origin") started  	[MsgId: MMSG-26355]
Action.c(68): Previous automatically added web header for "Origin" removed  	[MsgId: MMSG-26587]
Action.c(68): web_remove/revert_auto_header("Origin") was successful  	[MsgId: MMSG-26392]
Action.c(70): web_remove_auto_header("X-Requested-With") started  	[MsgId: MMSG-26355]
Action.c(70): Previous automatically added web header for "X-Requested-With" removed  	[MsgId: MMSG-26587]
Action.c(70): web_remove/revert_auto_header("X-Requested-With") was successful  	[MsgId: MMSG-26392]
Action.c(72): web_add_header("Authorization") started  	[MsgId: MMSG-26355]
Action.c(72): Warning -26594: The header being added may cause unpredictable results if applied to ALL the URLs generated on behalf of the next script function. It will apply to the primary URL only.  	[MsgId: MWAR-26594]
Action.c(72): web_add_header("Authorization") highest severity level was "warning"  	[MsgId: MMSG-26391]
Action.c(75): web_reg_save_param started  	[MsgId: MMSG-26355]
Action.c(75): Registering web_reg_save_param was successful  	[MsgId: MMSG-26390]
Action.c(80): web_reg_find started  	[MsgId: MMSG-26355]
Action.c(80): Registering web_reg_find was successful  	[MsgId: MMSG-26390]
Action.c(83): web_url("{userId}_3") started  	[MsgId: MMSG-26355]
..\\Parameters\\common.h(317): Registered web_reg_find successful for "Text=658010104" (count=1)  	[MsgId: MMSG-26364]
..\\Parameters\\common.h(317): web_url("{userId}_3") was successful, 110 body bytes, 492 header bytes  	[MsgId: MMSG-26386]
..\\Parameters\\common.h(327): Notify: Transaction "Click_basket" ended with a "Pass" status (Duration: 0,2639 Wasted Time: 0,0000).	[MsgId: MMSG-16871]
Action.c(227): lr_think_time: 2,00 seconds.	[MsgId: MMSG-15948]
Action.c(83): Registered web_reg_find successful for "Text=736403959" (count=1)  	[MsgId: MMSG-26364]
Action.c(83): web_url("{userId}_3") was successful, 247 body bytes, 375 header bytes  	[MsgId: MMSG-26386]
Action.c(93): web_add_auto_header("Origin") started  	[MsgId: MMSG-26355]
Action.c(93): web_add_auto_header("Origin") was successful  	[MsgId: MMSG-26392]
Action.c(96): web_custom_request("shippingcost") started  	[MsgId: MMSG-26355]
Action.c(96): web_custom_request("shippingcost") was successful, 126 body bytes, 492 header bytes  	[MsgId: MMSG-26386]
Action.c(109): web_add_header("SOAPAction") started  	[MsgId: MMSG-26355]
Action.c(109): web_add_header("SOAPAction") was successful  	[MsgId: MMSG-26392]
Action.c(112): web_add_header("X-Requested-With") started  	[MsgId: MMSG-26355]
Action.c(112): web_add_header("X-Requested-With") was successful  	[MsgId: MMSG-26392]
Action.c(115): web_custom_request("GetAccountPaymentPreferencesRequest") started  	[MsgId: MMSG-26355]
..\\Parameters\\common.h(202): Notify: Transaction "product_selection" started.	[MsgId: MMSG-16999]
..\\Parameters\\common.h(204): web_reg_find started  	[MsgId: MMSG-26355]
..\\Parameters\\common.h(204): Registering web_reg_find was successful  	[MsgId: MMSG-26390]
..\\Parameters\\common.h(207): web_url("20") started  	[MsgId: MMSG-26355]
Action.c(115): web_custom_request("GetAccountPaymentPreferencesRequest") was successful, 492 body bytes, 735 header bytes  	[MsgId: MMSG-26386]
Action.c(128): web_remove_auto_header("Origin") started  	[MsgId: MMSG-26355]
Action.c(128): Previous automatically added web header for "Origin" removed  	[MsgId: MMSG-26587]
Action.c(128): web_remove/revert_auto_header("Origin") was successful  	[MsgId: MMSG-26392]
Action.c(130): web_url("orderPayment-page.html") started  	[MsgId: MMSG-26355]
Action.c(130): web_url("orderPayment-page.html") was successful, 914 body bytes, 406 header bytes  	[MsgId: MMSG-26386]
Action.c(140): web_add_header("SOAPAction") started  	[MsgId: MMSG-26355]
Action.c(140): web_add_header("SOAPAction") was successful  	[MsgId: MMSG-26392]
Action.c(143): web_add_auto_header("Origin") started  	[MsgId: MMSG-26355]
Action.c(143): web_add_auto_header("Origin") was successful  	[MsgId: MMSG-26392]
Action.c(146): web_add_auto_header("X-Requested-With") started  	[MsgId: MMSG-26355]
Action.c(146): web_add_auto_header("X-Requested-With") was successful  	[MsgId: MMSG-26392]
Action.c(149): web_custom_request("GetCountriesRequest") started  	[MsgId: MMSG-26355]
..\\Parameters\\common.h(207): Registered web_reg_find successful for "Text=Bose Soundlink Bluetooth Speaker" (count=1)  	[MsgId: MMSG-26364]
..\\Parameters\\common.h(207): web_url("20") was successful, 579 body bytes, 375 header bytes  	[MsgId: MMSG-26386]
..\\Parameters\\common.h(217): web_url("products_2") started  	[MsgId: MMSG-26355]
..\\Parameters\\common.h(104): Notify: Transaction "log_in" started.	[MsgId: MMSG-16999]
..\\Parameters\\common.h(106): web_add_header("Origin") started  	[MsgId: MMSG-26355]
..\\Parameters\\common.h(106): web_add_header("Origin") was successful  	[MsgId: MMSG-26392]
..\\Parameters\\common.h(109): web_add_header("SOAPAction") started  	[MsgId: MMSG-26355]
..\\Parameters\\common.h(109): web_add_header("SOAPAction") was successful  	[MsgId: MMSG-26392]
..\\Parameters\\common.h(112): web_add_header("X-Requested-With") started  	[MsgId: MMSG-26355]
..\\Parameters\\common.h(112): web_add_header("X-Requested-With") was successful  	[MsgId: MMSG-26392]
..\\Parameters\\common.h(115): web_reg_save_param started  	[MsgId: MMSG-26355]
..\\Parameters\\common.h(115): Registering web_reg_save_param was successful  	[MsgId: MMSG-26390]
..\\Parameters\\common.h(120): web_reg_save_param started  	[MsgId: MMSG-26355]
..\\Parameters\\common.h(120): Registering web_reg_save_param was successful  	[MsgId: MMSG-26390]
..\\Parameters\\common.h(125): web_reg_find started  	[MsgId: MMSG-26355]
..\\Parameters\\common.h(125): Registering web_reg_find was successful  	[MsgId: MMSG-26390]
..\\Parameters\\common.h(128): web_custom_request("AccountLoginRequest") started  	[MsgId: MMSG-26355]
Action.c(149): web_custom_request("GetCountriesRequest") was successful, 4184 body bytes, 761 header bytes  	[MsgId: MMSG-26386]
Action.c(162): Notify: Transaction "Shipping_Details" ended with a "Pass" status (Duration: 2,3533 Wasted Time: 0,0000).	[MsgId: MMSG-16871]
Action.c(164): lr_think_time: 2,00 seconds.	[MsgId: MMSG-15948]
..\\Parameters\\common.h(217): web_url("products_2") was successful, 1982 body bytes, 375 header bytes  	[MsgId: MMSG-26386]
..\\Parameters\\common.h(227): web_url("product-page.html") started  	[MsgId: MMSG-26355]
..\\Parameters\\common.h(128): Registered web_reg_find successful for "Text=Login Successful" (count=1)  	[MsgId: MMSG-26364]
..\\Parameters\\common.h(128): web_custom_request("AccountLoginRequest") was successful, 778 body bytes, 735 header bytes  	[MsgId: MMSG-26386]
..\\Parameters\\common.h(141): web_set_sockets_option started  	[MsgId: MMSG-26355]
..\\Parameters\\common.h(141): web_set_sockets_option was successful  	[MsgId: MMSG-26392]
..\\Parameters\\common.h(144): web_url("register-page.html") started  	[MsgId: MMSG-26355]
..\\Parameters\\common.h(227): Found resource "https://www.advantageonlineshopping.com/css/images/review_right.png" in HTML "https://www.advantageonlineshopping.com/app/views/product-page.html"  	[MsgId: MMSG-26659]
..\\Parameters\\common.h(227): Found resource "https://www.advantageonlineshopping.com/css/images/reviewUser.png" in HTML "https://www.advantageonlineshopping.com/app/views/product-page.html"  	[MsgId: MMSG-26659]
..\\Parameters\\common.h(227): Found resource "https://www.advantageonlineshopping.com/css/images/review_Left_disabled.png" in HTML "https://www.advantageonlineshopping.com/app/views/product-page.html"  	[MsgId: MMSG-26659]
..\\Parameters\\common.h(144): web_url("register-page.html") was successful, 1469 body bytes, 406 header bytes  	[MsgId: MMSG-26386]
..\\Parameters\\common.h(153): Notify: Transaction "log_in" ended with a "Pass" status (Duration: 0,5340 Wasted Time: 0,0000).	[MsgId: MMSG-16871]
Action.c(11): lr_think_time: 2,00 seconds.	[MsgId: MMSG-15948]
..\\Parameters\\common.h(332): Notify: Transaction "log_out" started.	[MsgId: MMSG-16999]
..\\Parameters\\common.h(334): web_add_header("Origin") started  	[MsgId: MMSG-26355]
..\\Parameters\\common.h(334): web_add_header("Origin") was successful  	[MsgId: MMSG-26392]
..\\Parameters\\common.h(337): web_add_header("SOAPAction") started  	[MsgId: MMSG-26355]
..\\Parameters\\common.h(337): web_add_header("SOAPAction") was successful  	[MsgId: MMSG-26392]
..\\Parameters\\common.h(340): web_add_header("X-Requested-With") started  	[MsgId: MMSG-26355]
..\\Parameters\\common.h(340): web_add_header("X-Requested-With") was successful  	[MsgId: MMSG-26392]
..\\Parameters\\common.h(343): web_reg_find started  	[MsgId: MMSG-26355]
..\\Parameters\\common.h(343): Registering web_reg_find was successful  	[MsgId: MMSG-26390]
..\\Parameters\\common.h(346): web_custom_request("AccountLogoutRequest") started  	[MsgId: MMSG-26355]
..\\Parameters\\common.h(227): web_url("product-page.html") was successful, 6064 body bytes, 1564 header bytes  	[MsgId: MMSG-26386]
..\\Parameters\\common.h(237): web_url("all_data") started  	[MsgId: MMSG-26355]
..\\Parameters\\common.h(346): Registered web_reg_find successful for "Text=AccountLogoutResponse" (count=2)  	[MsgId: MMSG-26364]
..\\Parameters\\common.h(346): web_custom_request("AccountLogoutRequest") was successful, 402 body bytes, 735 header bytes  	[MsgId: MMSG-26386]
..\\Parameters\\common.h(358): Notify: Transaction "log_out" ended with a "Pass" status (Duration: 0,4073 Wasted Time: 0,0000).	[MsgId: MMSG-16871]
Action.c(231): Notify: Transaction "UC03_purchase_of_goods" ended with a "Pass" status (Duration: 27,1437 Think Time: 16,0742 Wasted Time: 0,0007).	[MsgId: MMSG-16870]
Ending action Action.	[MsgId: MMSG-15918]
Ending iteration 132.	[MsgId: MMSG-15965]
Waiting 14,8560 seconds for iteration pacing.	[MsgId: MMSG-15996]
..\\Parameters\\common.h(237): web_url("all_data") was successful, 8530 body bytes, 375 header bytes  	[MsgId: MMSG-26386]
..\\Parameters\\common.h(247): Notify: Transaction "product_selection" ended with a "Pass" status (Duration: 1,6421 Wasted Time: 0,0000).	[MsgId: MMSG-16871]
Action.c(19): lr_think_time: 2,00 seconds.	[MsgId: MMSG-15948]
Action.c(166): Notify: Transaction "Pay_now" started.	[MsgId: MMSG-16999]
Action.c(168): web_add_header("SOAPAction") started  	[MsgId: MMSG-26355]
Action.c(168): web_add_header("SOAPAction") was successful  	[MsgId: MMSG-26392]
Action.c(171): web_custom_request("AddSafePayMethodRequest") started  	[MsgId: MMSG-26355]
..\\Parameters\\common.h(159): Notify: Transaction "open_categories_speakers" started.	[MsgId: MMSG-16999]
..\\Parameters\\common.h(161): web_reg_find started  	[MsgId: MMSG-26355]
..\\Parameters\\common.h(161): Registering web_reg_find was successful  	[MsgId: MMSG-26390]
..\\Parameters\\common.h(164): web_url("products") started  	[MsgId: MMSG-26355]
Action.c(171): web_custom_request("AddSafePayMethodRequest") was successful, 408 body bytes, 735 header bytes  	[MsgId: MMSG-26386]
Action.c(186): web_add_header("Authorization") started  	[MsgId: MMSG-26355]
Action.c(186): Warning -26594: The header being added may cause unpredictable results if applied to ALL the URLs generated on behalf of the next script function. It will apply to the primary URL only.  	[MsgId: MWAR-26594]
Action.c(186): web_add_header("Authorization") highest severity level was "warning"  	[MsgId: MMSG-26391]
Action.c(189): web_remove_auto_header("X-Requested-With") started  	[MsgId: MMSG-26355]
Action.c(189): Previous automatically added web header for "X-Requested-With" removed  	[MsgId: MMSG-26587]
Action.c(189): web_remove/revert_auto_header("X-Requested-With") was successful  	[MsgId: MMSG-26392]
Action.c(192): web_custom_request("{userId}_4") started  	[MsgId: MMSG-26355]
..\\Parameters\\common.h(164): Registered web_reg_find successful for "Text=SPEAKERS" (count=2)  	[MsgId: MMSG-26364]
..\\Parameters\\common.h(164): web_url("products") was successful, 1980 body bytes, 375 header bytes  	[MsgId: MMSG-26386]
..\\Parameters\\common.h(174): web_url("attributes") started  	[MsgId: MMSG-26355]
..\\Parameters\\common.h(174): web_url("attributes") was successful, 552 body bytes, 375 header bytes  	[MsgId: MMSG-26386]
..\\Parameters\\common.h(184): web_url("category-page.html") started  	[MsgId: MMSG-26355]
Action.c(192): web_custom_request("{userId}_4") was successful, 162 body bytes, 492 header bytes  	[MsgId: MMSG-26386]
Action.c(207): web_add_header("Authorization") started  	[MsgId: MMSG-26355]
Action.c(207): Warning -26594: The header being added may cause unpredictable results if applied to ALL the URLs generated on behalf of the next script function. It will apply to the primary URL only.  	[MsgId: MWAR-26594]
Action.c(207): web_add_header("Authorization") highest severity level was "warning"  	[MsgId: MMSG-26391]
Action.c(210): web_custom_request("{userId}_5") started  	[MsgId: MMSG-26355]
..\\Parameters\\common.h(184): web_url("category-page.html") was successful, 741 body bytes, 361 header bytes  	[MsgId: MMSG-26386]
..\\Parameters\\common.h(194): Notify: Transaction "open_categories_speakers" ended with a "Pass" status (Duration: 0,7366 Wasted Time: 0,0000).	[MsgId: MMSG-16871]
Action.c(15): lr_think_time: 2,00 seconds.	[MsgId: MMSG-15948]
..\\Parameters\\common.h(253): Notify: Transaction "Click_Checkout" started.	[MsgId: MMSG-16999]
..\\Parameters\\common.h(255): web_add_header("Authorization") started  	[MsgId: MMSG-26355]
..\\Parameters\\common.h(255): Warning -26594: The header being added may cause unpredictable results if applied to ALL the URLs generated on behalf of the next script function. It will apply to the primary URL only.  	[MsgId: MWAR-26594]
..\\Parameters\\common.h(255): web_add_header("Authorization") highest severity level was "warning"  	[MsgId: MMSG-26391]
..\\Parameters\\common.h(258): web_add_header("Origin") started  	[MsgId: MMSG-26355]
..\\Parameters\\common.h(258): web_add_header("Origin") was successful  	[MsgId: MMSG-26392]
..\\Parameters\\common.h(261): web_reg_find started  	[MsgId: MMSG-26355]
..\\Parameters\\common.h(261): Registering web_reg_find was successful  	[MsgId: MMSG-26390]
..\\Parameters\\common.h(264): web_submit_data("414141") started  	[MsgId: MMSG-26355]
Action.c(210): web_custom_request("{userId}_5") was successful, 66 body bytes, 492 header bytes  	[MsgId: MMSG-26386]
Action.c(221): Notify: Transaction "Pay_now" ended with a "Pass" status (Duration: 1,2862 Wasted Time: 0,0000).	[MsgId: MMSG-16871]
Action.c(223): lr_think_time: 2,00 seconds.	[MsgId: MMSG-15948]
Starting iteration 133.	[MsgId: MMSG-15968]
Starting action Action.	[MsgId: MMSG-15919]
Action.c(3): Notify: Transaction "UC03_purchase_of_goods" started.	[MsgId: MMSG-16999]
..\\Parameters\\common.h(3): Notify: Transaction "Open_homepage" started.	[MsgId: MMSG-16999]
..\\Parameters\\common.h(5): web_set_sockets_option started  	[MsgId: MMSG-26355]
..\\Parameters\\common.h(5): web_set_sockets_option was successful  	[MsgId: MMSG-26392]
..\\Parameters\\common.h(7): web_add_cookie started  	[MsgId: MMSG-26355]
..\\Parameters\\common.h(7): web_add_cookie was successful  	[MsgId: MMSG-26392]
..\\Parameters\\common.h(9): web_add_cookie started  	[MsgId: MMSG-26355]
..\\Parameters\\common.h(9): web_add_cookie was successful  	[MsgId: MMSG-26392]
..\\Parameters\\common.h(11): web_add_cookie started  	[MsgId: MMSG-26355]
..\\Parameters\\common.h(11): web_add_cookie was successful  	[MsgId: MMSG-26392]
..\\Parameters\\common.h(13): web_add_auto_header("Sec-Fetch-Dest") started  	[MsgId: MMSG-26355]
..\\Parameters\\common.h(13): web_add_auto_header("Sec-Fetch-Dest") was successful  	[MsgId: MMSG-26392]
..\\Parameters\\common.h(16): web_add_auto_header("Sec-Fetch-Mode") started  	[MsgId: MMSG-26355]
..\\Parameters\\common.h(16): web_add_auto_header("Sec-Fetch-Mode") was successful  	[MsgId: MMSG-26392]
..\\Parameters\\common.h(19): web_add_auto_header("Sec-Fetch-Site") started  	[MsgId: MMSG-26355]
..\\Parameters\\common.h(19): web_add_auto_header("Sec-Fetch-Site") was successful  	[MsgId: MMSG-26392]
..\\Parameters\\common.h(22): web_add_auto_header("sec-ch-ua") started  	[MsgId: MMSG-26355]
..\\Parameters\\common.h(22): web_add_auto_header("sec-ch-ua") was successful  	[MsgId: MMSG-26392]
..\\Parameters\\common.h(25): web_add_auto_header("sec-ch-ua-mobile") started  	[MsgId: MMSG-26355]
..\\Parameters\\common.h(25): web_add_auto_header("sec-ch-ua-mobile") was successful  	[MsgId: MMSG-26392]
..\\Parameters\\common.h(28): web_add_auto_header("sec-ch-ua-platform") started  	[MsgId: MMSG-26355]
..\\Parameters\\common.h(28): web_add_auto_header("sec-ch-ua-platform") was successful  	[MsgId: MMSG-26392]
..\\Parameters\\common.h(32): web_url("ALL") started  	[MsgId: MMSG-26355]
..\\Parameters\\common.h(264): Registered web_reg_find successful for "Text=Bose Soundlink Bluetooth Speaker II" (count=1)  	[MsgId: MMSG-26364]
..\\Parameters\\common.h(264): web_submit_data("414141") was successful, 213 body bytes, 572 header bytes  	[MsgId: MMSG-26386]
..\\Parameters\\common.h(275): web_add_header("Authorization") started  	[MsgId: MMSG-26355]
..\\Parameters\\common.h(275): Warning -26594: The header being added may cause unpredictable results if applied to ALL the URLs generated on behalf of the next script function. It will apply to the primary URL only.  	[MsgId: MWAR-26594]
..\\Parameters\\common.h(275): web_add_header("Authorization") highest severity level was "warning"  	[MsgId: MMSG-26391]
..\\Parameters\\common.h(278): web_reg_save_param started  	[MsgId: MMSG-26355]
..\\Parameters\\common.h(278): Registering web_reg_save_param was successful  	[MsgId: MMSG-26390]
..\\Parameters\\common.h(283): web_url("{userId}_2") started  	[MsgId: MMSG-26355]
..\\Parameters\\common.h(283): web_url("{userId}_2") was successful, 249 body bytes, 455 header bytes  	[MsgId: MMSG-26386]
..\\Parameters\\common.h(293): web_url("shoppingCart.html") started  	[MsgId: MMSG-26355]
..\\Parameters\\common.h(293): Found resource "https://www.advantageonlineshopping.com/css/images/Master_credit.png" in HTML "https://www.advantageonlineshopping.com/app/views/shoppingCart.html"  	[MsgId: MMSG-26659]
..\\Parameters\\common.h(293): Found resource "https://www.advantageonlineshopping.com/css/images/SafePay.png" in HTML "https://www.advantageonlineshopping.com/app/views/shoppingCart.html"  	[MsgId: MMSG-26659]
..\\Parameters\\common.h(32): web_url("ALL") was successful, 6541 body bytes, 375 header bytes  	[MsgId: MMSG-26386]
..\\Parameters\\common.h(42): web_add_cookie started  	[MsgId: MMSG-26355]
..\\Parameters\\common.h(42): web_add_cookie was successful  	[MsgId: MMSG-26392]
..\\Parameters\\common.h(44): web_add_header("Origin") started  	[MsgId: MMSG-26355]
..\\Parameters\\common.h(44): web_add_header("Origin") was successful  	[MsgId: MMSG-26392]
..\\Parameters\\common.h(47): web_add_header("SOAPAction") started  	[MsgId: MMSG-26355]
..\\Parameters\\common.h(47): web_add_header("SOAPAction") was successful  	[MsgId: MMSG-26392]
..\\Parameters\\common.h(50): web_add_header("X-Requested-With") started  	[MsgId: MMSG-26355]
..\\Parameters\\common.h(50): web_add_header("X-Requested-With") was successful  	[MsgId: MMSG-26392]
..\\Parameters\\common.h(53): web_reg_find started  	[MsgId: MMSG-26355]
..\\Parameters\\common.h(53): Registering web_reg_find was successful  	[MsgId: MMSG-26390]
..\\Parameters\\common.h(56): web_custom_request("GetAccountConfigurationRequest") started  	[MsgId: MMSG-26355]
..\\Parameters\\common.h(293): web_url("shoppingCart.html") was successful, 7766 body bytes, 1178 header bytes  	[MsgId: MMSG-26386]
..\\Parameters\\common.h(303): Notify: Transaction "Click_Checkout" ended with a "Pass" status (Duration: 1,4608 Wasted Time: 0,0000).	[MsgId: MMSG-16871]
Action.c(23): lr_think_time: 2,00 seconds.	[MsgId: MMSG-15948]
..\\Parameters\\common.h(56): Registered web_reg_find successful for "Text=advantageonlineshopping.com" (count=1)  	[MsgId: MMSG-26364]
..\\Parameters\\common.h(56): web_custom_request("GetAccountConfigurationRequest") was successful, 823 body bytes, 735 header bytes  	[MsgId: MMSG-26386]
..\\Parameters\\common.h(69): web_url("categories") started  	[MsgId: MMSG-26355]
..\\Parameters\\common.h(69): web_url("categories") was successful, 4479 body bytes, 375 header bytes  	[MsgId: MMSG-26386]
..\\Parameters\\common.h(79): web_url("search") started  	[MsgId: MMSG-26355]
..\\Parameters\\common.h(202): Notify: Transaction "product_selection" started.	[MsgId: MMSG-16999]
..\\Parameters\\common.h(204): web_reg_find started  	[MsgId: MMSG-26355]
..\\Parameters\\common.h(204): Registering web_reg_find was successful  	[MsgId: MMSG-26390]
..\\Parameters\\common.h(207): web_url("20") started  	[MsgId: MMSG-26355]
..\\Parameters\\common.h(79): web_url("search") was successful, 351 body bytes, 375 header bytes  	[MsgId: MMSG-26386]
..\\Parameters\\common.h(89): web_url("home-page.html") started  	[MsgId: MMSG-26355]
..\\Parameters\\common.h(89): Found resource "https://www.advantageonlineshopping.com/app/views/css/images/Special-offer.jpg" in HTML "https://www.advantageonlineshopping.com/app/views/home-page.html"  	[MsgId: MMSG-26659]
..\\Parameters\\common.h(89): Found resource "https://www.advantageonlineshopping.com/css/images/chat_logo.png" in HTML "https://www.advantageonlineshopping.com/app/views/home-page.html"  	[MsgId: MMSG-26659]
..\\Parameters\\common.h(89): Found resource "https://www.advantageonlineshopping.com/app/views/" in HTML "https://www.advantageonlineshopping.com/app/views/home-page.html"  	[MsgId: MMSG-26659]
..\\Parameters\\common.h(89): Downloading resource "https://www.advantageonlineshopping.com/css/fonts/roboto_bold_macroman/Roboto-Bold-webfont.woff" (specified by argument number 8)  	[MsgId: MMSG-26577]
..\\Parameters\\common.h(89): Downloading resource "https://www.advantageonlineshopping.com/css/fonts/roboto_thin_macroman/Roboto-Thin-webfont.woff" (specified by argument number 11)  	[MsgId: MMSG-26577]
..\\Parameters\\common.h(207): Registered web_reg_find successful for "Text=Bose Soundlink Bluetooth Speaker" (count=1)  	[MsgId: MMSG-26364]
..\\Parameters\\common.h(207): web_url("20") was successful, 580 body bytes, 375 header bytes  	[MsgId: MMSG-26386]
..\\Parameters\\common.h(217): web_url("products_2") started  	[MsgId: MMSG-26355]
..\\Parameters\\common.h(309): Notify: Transaction "Click_basket" started.	[MsgId: MMSG-16999]
..\\Parameters\\common.h(311): web_add_header("Authorization") started  	[MsgId: MMSG-26355]
..\\Parameters\\common.h(311): Warning -26594: The header being added may cause unpredictable results if applied to ALL the URLs generated on behalf of the next script function. It will apply to the primary URL only.  	[MsgId: MWAR-26594]
..\\Parameters\\common.h(311): web_add_header("Authorization") highest severity level was "warning"  	[MsgId: MMSG-26391]
..\\Parameters\\common.h(314): web_reg_find started  	[MsgId: MMSG-26355]
..\\Parameters\\common.h(314): Registering web_reg_find was successful  	[MsgId: MMSG-26390]
..\\Parameters\\common.h(317): web_url("{userId}_3") started  	[MsgId: MMSG-26355]
..\\Parameters\\common.h(89): Warning -26627: HTTP Status-Code=404 (Not Found) for "https://www.advantageonlineshopping.com/app/views/css/images/Special-offer.jpg"  	[MsgId: MWAR-26627]
..\\Parameters\\common.h(317): Registered web_reg_find successful for "Text=736403959" (count=1)  	[MsgId: MMSG-26364]
..\\Parameters\\common.h(317): web_url("{userId}_3") was successful, 110 body bytes, 492 header bytes  	[MsgId: MMSG-26386]
..\\Parameters\\common.h(327): Notify: Transaction "Click_basket" ended with a "Pass" status (Duration: 0,2367 Wasted Time: 0,0000).	[MsgId: MMSG-16871]
Action.c(227): lr_think_time: 2,00 seconds.	[MsgId: MMSG-15948]
..\\Parameters\\common.h(217): web_url("products_2") was successful, 1970 body bytes, 375 header bytes  	[MsgId: MMSG-26386]
..\\Parameters\\common.h(227): web_url("product-page.html") started  	[MsgId: MMSG-26355]
..\\Parameters\\common.h(89): Warning -26627: HTTP Status-Code=404 (Not Found) for "https://www.advantageonlineshopping.com/app/views/"  	[MsgId: MWAR-26627]
..\\Parameters\\common.h(227): Found resource "https://www.advantageonlineshopping.com/css/images/review_right.png" in HTML "https://www.advantageonlineshopping.com/app/views/product-page.html"  	[MsgId: MMSG-26659]
..\\Parameters\\common.h(227): Found resource "https://www.advantageonlineshopping.com/css/images/reviewUser.png" in HTML "https://www.advantageonlineshopping.com/app/views/product-page.html"  	[MsgId: MMSG-26659]
..\\Parameters\\common.h(227): Found resource "https://www.advantageonlineshopping.com/css/images/review_Left_disabled.png" in HTML "https://www.advantageonlineshopping.com/app/views/product-page.html"  	[MsgId: MMSG-26659]
..\\Parameters\\common.h(89): web_url("home-page.html") highest severity level was "warning", 56011 body bytes, 2201 header bytes  	[MsgId: MMSG-26388]
..\\Parameters\\common.h(99): Notify: Transaction "Open_homepage" ended with a "Pass" status (Duration: 2,2714 Wasted Time: 0,0006).	[MsgId: MMSG-16871]
Action.c(7): lr_think_time: 2,00 seconds.	[MsgId: MMSG-15948]
..\\Parameters\\common.h(227): web_url("product-page.html") was successful, 6064 body bytes, 1564 header bytes  	[MsgId: MMSG-26386]
..\\Parameters\\common.h(237): web_url("all_data") started  	[MsgId: MMSG-26355]
Action.c(25): Notify: Transaction "Shipping_Details" started.	[MsgId: MMSG-16999]
Action.c(27): web_add_header("SOAPAction") started  	[MsgId: MMSG-26355]
Action.c(27): web_add_header("SOAPAction") was successful  	[MsgId: MMSG-26392]
Action.c(30): web_add_auto_header("Origin") started  	[MsgId: MMSG-26355]
Action.c(30): web_add_auto_header("Origin") was successful  	[MsgId: MMSG-26392]
Action.c(33): web_add_auto_header("X-Requested-With") started  	[MsgId: MMSG-26355]
Action.c(33): web_add_auto_header("X-Requested-With") was successful  	[MsgId: MMSG-26392]
Action.c(36): web_reg_find started  	[MsgId: MMSG-26355]
Action.c(36): Registering web_reg_find was successful  	[MsgId: MMSG-26390]
Action.c(39): web_custom_request("GetAccountByIdRequest") started  	[MsgId: MMSG-26355]
..\\Parameters\\common.h(237): web_url("all_data") was successful, 8537 body bytes, 375 header bytes  	[MsgId: MMSG-26386]
..\\Parameters\\common.h(247): Notify: Transaction "product_selection" ended with a "Pass" status (Duration: 1,6030 Wasted Time: 0,0000).	[MsgId: MMSG-16871]
Action.c(19): lr_think_time: 2,00 seconds.	[MsgId: MMSG-15948]
Ending Vuser...	[MsgId: MMSG-15966]
Starting action vuser_end.	[MsgId: MMSG-15919]
Ending action vuser_end.	[MsgId: MMSG-15918]
Vuser Terminated.	[MsgId: MMSG-15963]
Action.c(39): Registered web_reg_find successful for "Text=658010104" (count=1)  	[MsgId: MMSG-26364]
Action.c(39): web_custom_request("GetAccountByIdRequest") was successful, 1187 body bytes, 736 header bytes  	[MsgId: MMSG-26386]
Action.c(52): web_add_header("SOAPAction") started  	[MsgId: MMSG-26355]
Action.c(52): web_add_header("SOAPAction") was successful  	[MsgId: MMSG-26392]
Action.c(55): web_custom_request("GetAccountByIdNewRequest") started  	[MsgId: MMSG-26355]
Action.c(55): web_custom_request("GetAccountByIdNewRequest") was successful, 1118 body bytes, 736 header bytes  	[MsgId: MMSG-26386]
Action.c(68): web_remove_auto_header("Origin") started  	[MsgId: MMSG-26355]
Action.c(68): Previous automatically added web header for "Origin" removed  	[MsgId: MMSG-26587]
Action.c(68): web_remove/revert_auto_header("Origin") was successful  	[MsgId: MMSG-26392]
Action.c(70): web_remove_auto_header("X-Requested-With") started  	[MsgId: MMSG-26355]
Action.c(70): Previous automatically added web header for "X-Requested-With" removed  	[MsgId: MMSG-26587]
Action.c(70): web_remove/revert_auto_header("X-Requested-With") was successful  	[MsgId: MMSG-26392]
Action.c(72): web_add_header("Authorization") started  	[MsgId: MMSG-26355]
Action.c(72): Warning -26594: The header being added may cause unpredictable results if applied to ALL the URLs generated on behalf of the next script function. It will apply to the primary URL only.  	[MsgId: MWAR-26594]
Action.c(72): web_add_header("Authorization") highest severity level was "warning"  	[MsgId: MMSG-26391]
Action.c(75): web_reg_save_param started  	[MsgId: MMSG-26355]
Action.c(75): Registering web_reg_save_param was successful  	[MsgId: MMSG-26390]
Action.c(80): web_reg_find started  	[MsgId: MMSG-26355]
Action.c(80): Registering web_reg_find was successful  	[MsgId: MMSG-26390]
Action.c(83): web_url("{userId}_3") started  	[MsgId: MMSG-26355]
..\\Parameters\\common.h(332): Notify: Transaction "log_out" started.	[MsgId: MMSG-16999]
..\\Parameters\\common.h(334): web_add_header("Origin") started  	[MsgId: MMSG-26355]
..\\Parameters\\common.h(334): web_add_header("Origin") was successful  	[MsgId: MMSG-26392]
..\\Parameters\\common.h(337): web_add_header("SOAPAction") started  	[MsgId: MMSG-26355]
..\\Parameters\\common.h(337): web_add_header("SOAPAction") was successful  	[MsgId: MMSG-26392]
..\\Parameters\\common.h(340): web_add_header("X-Requested-With") started  	[MsgId: MMSG-26355]
..\\Parameters\\common.h(340): web_add_header("X-Requested-With") was successful  	[MsgId: MMSG-26392]
..\\Parameters\\common.h(343): web_reg_find started  	[MsgId: MMSG-26355]
..\\Parameters\\common.h(343): Registering web_reg_find was successful  	[MsgId: MMSG-26390]
..\\Parameters\\common.h(346): web_custom_request("AccountLogoutRequest") started  	[MsgId: MMSG-26355]
Action.c(83): Registered web_reg_find successful for "Text=658010104" (count=1)  	[MsgId: MMSG-26364]
Action.c(83): web_url("{userId}_3") was successful, 246 body bytes, 455 header bytes  	[MsgId: MMSG-26386]
Action.c(93): web_add_auto_header("Origin") started  	[MsgId: MMSG-26355]
Action.c(93): web_add_auto_header("Origin") was successful  	[MsgId: MMSG-26392]
Action.c(96): web_custom_request("shippingcost") started  	[MsgId: MMSG-26355]
..\\Parameters\\common.h(104): Notify: Transaction "log_in" started.	[MsgId: MMSG-16999]
..\\Parameters\\common.h(106): web_add_header("Origin") started  	[MsgId: MMSG-26355]
..\\Parameters\\common.h(106): web_add_header("Origin") was successful  	[MsgId: MMSG-26392]
..\\Parameters\\common.h(109): web_add_header("SOAPAction") started  	[MsgId: MMSG-26355]
..\\Parameters\\common.h(109): web_add_header("SOAPAction") was successful  	[MsgId: MMSG-26392]
..\\Parameters\\common.h(112): web_add_header("X-Requested-With") started  	[MsgId: MMSG-26355]
..\\Parameters\\common.h(112): web_add_header("X-Requested-With") was successful  	[MsgId: MMSG-26392]
..\\Parameters\\common.h(115): web_reg_save_param started  	[MsgId: MMSG-26355]
..\\Parameters\\common.h(115): Registering web_reg_save_param was successful  	[MsgId: MMSG-26390]
..\\Parameters\\common.h(120): web_reg_save_param started  	[MsgId: MMSG-26355]
..\\Parameters\\common.h(120): Registering web_reg_save_param was successful  	[MsgId: MMSG-26390]
..\\Parameters\\common.h(125): web_reg_find started  	[MsgId: MMSG-26355]
..\\Parameters\\common.h(125): Registering web_reg_find was successful  	[MsgId: MMSG-26390]
..\\Parameters\\common.h(128): web_custom_request("AccountLoginRequest") started  	[MsgId: MMSG-26355]
..\\Parameters\\common.h(346): Registered web_reg_find successful for "Text=AccountLogoutResponse" (count=2)  	[MsgId: MMSG-26364]
..\\Parameters\\common.h(346): web_custom_request("AccountLogoutRequest") was successful, 402 body bytes, 735 header bytes  	[MsgId: MMSG-26386]
..\\Parameters\\common.h(358): Notify: Transaction "log_out" ended with a "Pass" status (Duration: 0,3917 Wasted Time: 0,0000).	[MsgId: MMSG-16871]
Action.c(231): Notify: Transaction "UC03_purchase_of_goods" ended with a "Pass" status (Duration: 26,9018 Think Time: 16,0714 Wasted Time: 0,0007).	[MsgId: MMSG-16870]
Ending action Action.	[MsgId: MMSG-15918]
Ending Vuser...	[MsgId: MMSG-15966]
Starting action vuser_end.	[MsgId: MMSG-15919]
Ending action vuser_end.	[MsgId: MMSG-15918]
Vuser Terminated.	[MsgId: MMSG-15963]
Action.c(96): web_custom_request("shippingcost") was successful, 126 body bytes, 492 header bytes  	[MsgId: MMSG-26386]
Action.c(109): web_add_header("SOAPAction") started  	[MsgId: MMSG-26355]
Action.c(109): web_add_header("SOAPAction") was successful  	[MsgId: MMSG-26392]
Action.c(112): web_add_header("X-Requested-With") started  	[MsgId: MMSG-26355]
Action.c(112): web_add_header("X-Requested-With") was successful  	[MsgId: MMSG-26392]
Action.c(115): web_custom_request("GetAccountPaymentPreferencesRequest") started  	[MsgId: MMSG-26355]
..\\Parameters\\common.h(128): Registered web_reg_find successful for "Text=Login Successful" (count=1)  	[MsgId: MMSG-26364]
..\\Parameters\\common.h(128): web_custom_request("AccountLoginRequest") was successful, 778 body bytes, 735 header bytes  	[MsgId: MMSG-26386]
..\\Parameters\\common.h(141): web_set_sockets_option started  	[MsgId: MMSG-26355]
..\\Parameters\\common.h(141): web_set_sockets_option was successful  	[MsgId: MMSG-26392]
..\\Parameters\\common.h(144): web_url("register-page.html") started  	[MsgId: MMSG-26355]
..\\Parameters\\common.h(144): web_url("register-page.html") was successful, 1469 body bytes, 406 header bytes  	[MsgId: MMSG-26386]
..\\Parameters\\common.h(153): Notify: Transaction "log_in" ended with a "Pass" status (Duration: 0,5394 Wasted Time: 0,0000).	[MsgId: MMSG-16871]
Action.c(11): lr_think_time: 2,00 seconds.	[MsgId: MMSG-15948]
Action.c(115): web_custom_request("GetAccountPaymentPreferencesRequest") was successful, 492 body bytes, 735 header bytes  	[MsgId: MMSG-26386]
Action.c(128): web_remove_auto_header("Origin") started  	[MsgId: MMSG-26355]
Action.c(128): Previous automatically added web header for "Origin" removed  	[MsgId: MMSG-26587]
Action.c(128): web_remove/revert_auto_header("Origin") was successful  	[MsgId: MMSG-26392]
Action.c(130): web_url("orderPayment-page.html") started  	[MsgId: MMSG-26355]
Action.c(130): web_url("orderPayment-page.html") was successful, 914 body bytes, 406 header bytes  	[MsgId: MMSG-26386]
Action.c(140): web_add_header("SOAPAction") started  	[MsgId: MMSG-26355]
Action.c(140): web_add_header("SOAPAction") was successful  	[MsgId: MMSG-26392]
Action.c(143): web_add_auto_header("Origin") started  	[MsgId: MMSG-26355]
Action.c(143): web_add_auto_header("Origin") was successful  	[MsgId: MMSG-26392]
Action.c(146): web_add_auto_header("X-Requested-With") started  	[MsgId: MMSG-26355]
Action.c(146): web_add_auto_header("X-Requested-With") was successful  	[MsgId: MMSG-26392]
Action.c(149): web_custom_request("GetCountriesRequest") started  	[MsgId: MMSG-26355]
..\\Parameters\\common.h(253): Notify: Transaction "Click_Checkout" started.	[MsgId: MMSG-16999]
..\\Parameters\\common.h(255): web_add_header("Authorization") started  	[MsgId: MMSG-26355]
..\\Parameters\\common.h(255): Warning -26594: The header being added may cause unpredictable results if applied to ALL the URLs generated on behalf of the next script function. It will apply to the primary URL only.  	[MsgId: MWAR-26594]
..\\Parameters\\common.h(255): web_add_header("Authorization") highest severity level was "warning"  	[MsgId: MMSG-26391]
..\\Parameters\\common.h(258): web_add_header("Origin") started  	[MsgId: MMSG-26355]
..\\Parameters\\common.h(258): web_add_header("Origin") was successful  	[MsgId: MMSG-26392]
..\\Parameters\\common.h(261): web_reg_find started  	[MsgId: MMSG-26355]
..\\Parameters\\common.h(261): Registering web_reg_find was successful  	[MsgId: MMSG-26390]
..\\Parameters\\common.h(264): web_submit_data("414141") started  	[MsgId: MMSG-26355]
Action.c(149): web_custom_request("GetCountriesRequest") was successful, 4184 body bytes, 761 header bytes  	[MsgId: MMSG-26386]
Action.c(162): Notify: Transaction "Shipping_Details" ended with a "Pass" status (Duration: 2,3604 Wasted Time: 0,0000).	[MsgId: MMSG-16871]
Action.c(164): lr_think_time: 2,00 seconds.	[MsgId: MMSG-15948]
..\\Parameters\\common.h(264): Registered web_reg_find successful for "Text=Bose Soundlink Bluetooth Speaker II" (count=1)  	[MsgId: MMSG-26364]
..\\Parameters\\common.h(264): web_submit_data("414141") was successful, 214 body bytes, 572 header bytes  	[MsgId: MMSG-26386]
..\\Parameters\\common.h(275): web_add_header("Authorization") started  	[MsgId: MMSG-26355]
..\\Parameters\\common.h(275): Warning -26594: The header being added may cause unpredictable results if applied to ALL the URLs generated on behalf of the next script function. It will apply to the primary URL only.  	[MsgId: MWAR-26594]
..\\Parameters\\common.h(275): web_add_header("Authorization") highest severity level was "warning"  	[MsgId: MMSG-26391]
..\\Parameters\\common.h(278): web_reg_save_param started  	[MsgId: MMSG-26355]
..\\Parameters\\common.h(278): Registering web_reg_save_param was successful  	[MsgId: MMSG-26390]
..\\Parameters\\common.h(283): web_url("{userId}_2") started  	[MsgId: MMSG-26355]
..\\Parameters\\common.h(283): web_url("{userId}_2") was successful, 249 body bytes, 375 header bytes  	[MsgId: MMSG-26386]
..\\Parameters\\common.h(293): web_url("shoppingCart.html") started  	[MsgId: MMSG-26355]
..\\Parameters\\common.h(293): Found resource "https://www.advantageonlineshopping.com/css/images/Master_credit.png" in HTML "https://www.advantageonlineshopping.com/app/views/shoppingCart.html"  	[MsgId: MMSG-26659]
..\\Parameters\\common.h(293): Found resource "https://www.advantageonlineshopping.com/css/images/SafePay.png" in HTML "https://www.advantageonlineshopping.com/app/views/shoppingCart.html"  	[MsgId: MMSG-26659]
..\\Parameters\\common.h(293): web_url("shoppingCart.html") was successful, 7766 body bytes, 1178 header bytes  	[MsgId: MMSG-26386]
..\\Parameters\\common.h(303): Notify: Transaction "Click_Checkout" ended with a "Pass" status (Duration: 1,4495 Wasted Time: 0,0000).	[MsgId: MMSG-16871]
Action.c(23): lr_think_time: 2,00 seconds.	[MsgId: MMSG-15948]
..\\Parameters\\common.h(159): Notify: Transaction "open_categories_speakers" started.	[MsgId: MMSG-16999]
..\\Parameters\\common.h(161): web_reg_find started  	[MsgId: MMSG-26355]
..\\Parameters\\common.h(161): Registering web_reg_find was successful  	[MsgId: MMSG-26390]
..\\Parameters\\common.h(164): web_url("products") started  	[MsgId: MMSG-26355]
..\\Parameters\\common.h(164): Registered web_reg_find successful for "Text=SPEAKERS" (count=2)  	[MsgId: MMSG-26364]
..\\Parameters\\common.h(164): web_url("products") was successful, 1967 body bytes, 375 header bytes  	[MsgId: MMSG-26386]
..\\Parameters\\common.h(174): web_url("attributes") started  	[MsgId: MMSG-26355]
Action.c(166): Notify: Transaction "Pay_now" started.	[MsgId: MMSG-16999]
Action.c(168): web_add_header("SOAPAction") started  	[MsgId: MMSG-26355]
Action.c(168): web_add_header("SOAPAction") was successful  	[MsgId: MMSG-26392]
Action.c(171): web_custom_request("AddSafePayMethodRequest") started  	[MsgId: MMSG-26355]
..\\Parameters\\common.h(174): web_url("attributes") was successful, 552 body bytes, 375 header bytes  	[MsgId: MMSG-26386]
..\\Parameters\\common.h(184): web_url("category-page.html") started  	[MsgId: MMSG-26355]
Action.c(171): web_custom_request("AddSafePayMethodRequest") was successful, 408 body bytes, 735 header bytes  	[MsgId: MMSG-26386]
Action.c(186): web_add_header("Authorization") started  	[MsgId: MMSG-26355]
Action.c(186): Warning -26594: The header being added may cause unpredictable results if applied to ALL the URLs generated on behalf of the next script function. It will apply to the primary URL only.  	[MsgId: MWAR-26594]
Action.c(186): web_add_header("Authorization") highest severity level was "warning"  	[MsgId: MMSG-26391]
Action.c(189): web_remove_auto_header("X-Requested-With") started  	[MsgId: MMSG-26355]
Action.c(189): Previous automatically added web header for "X-Requested-With" removed  	[MsgId: MMSG-26587]
Action.c(189): web_remove/revert_auto_header("X-Requested-With") was successful  	[MsgId: MMSG-26392]
Action.c(192): web_custom_request("{userId}_4") started  	[MsgId: MMSG-26355]
..\\Parameters\\common.h(184): web_url("category-page.html") was successful, 741 body bytes, 361 header bytes  	[MsgId: MMSG-26386]
..\\Parameters\\common.h(194): Notify: Transaction "open_categories_speakers" ended with a "Pass" status (Duration: 0,8948 Wasted Time: 0,0000).	[MsgId: MMSG-16871]
Action.c(15): lr_think_time: 2,00 seconds.	[MsgId: MMSG-15948]
Action.c(192): web_custom_request("{userId}_4") was successful, 163 body bytes, 492 header bytes  	[MsgId: MMSG-26386]
Action.c(207): web_add_header("Authorization") started  	[MsgId: MMSG-26355]
Action.c(207): Warning -26594: The header being added may cause unpredictable results if applied to ALL the URLs generated on behalf of the next script function. It will apply to the primary URL only.  	[MsgId: MWAR-26594]
Action.c(207): web_add_header("Authorization") highest severity level was "warning"  	[MsgId: MMSG-26391]
Action.c(210): web_custom_request("{userId}_5") started  	[MsgId: MMSG-26355]
Action.c(25): Notify: Transaction "Shipping_Details" started.	[MsgId: MMSG-16999]
Action.c(27): web_add_header("SOAPAction") started  	[MsgId: MMSG-26355]
Action.c(27): web_add_header("SOAPAction") was successful  	[MsgId: MMSG-26392]
Action.c(30): web_add_auto_header("Origin") started  	[MsgId: MMSG-26355]
Action.c(30): web_add_auto_header("Origin") was successful  	[MsgId: MMSG-26392]
Action.c(33): web_add_auto_header("X-Requested-With") started  	[MsgId: MMSG-26355]
Action.c(33): web_add_auto_header("X-Requested-With") was successful  	[MsgId: MMSG-26392]
Action.c(36): web_reg_find started  	[MsgId: MMSG-26355]
Action.c(36): Registering web_reg_find was successful  	[MsgId: MMSG-26390]
Action.c(39): web_custom_request("GetAccountByIdRequest") started  	[MsgId: MMSG-26355]
Action.c(210): web_custom_request("{userId}_5") was successful, 65 body bytes, 492 header bytes  	[MsgId: MMSG-26386]
Action.c(221): Notify: Transaction "Pay_now" ended with a "Pass" status (Duration: 1,3686 Wasted Time: 0,0000).	[MsgId: MMSG-16871]
Action.c(223): lr_think_time: 2,00 seconds.	[MsgId: MMSG-15948]
Action.c(39): Registered web_reg_find successful for "Text=736403959" (count=1)  	[MsgId: MMSG-26364]
Action.c(39): web_custom_request("GetAccountByIdRequest") was successful, 1187 body bytes, 736 header bytes  	[MsgId: MMSG-26386]
Action.c(52): web_add_header("SOAPAction") started  	[MsgId: MMSG-26355]
Action.c(52): web_add_header("SOAPAction") was successful  	[MsgId: MMSG-26392]
Action.c(55): web_custom_request("GetAccountByIdNewRequest") started  	[MsgId: MMSG-26355]
Action.c(55): web_custom_request("GetAccountByIdNewRequest") was successful, 1118 body bytes, 736 header bytes  	[MsgId: MMSG-26386]
Action.c(68): web_remove_auto_header("Origin") started  	[MsgId: MMSG-26355]
Action.c(68): Previous automatically added web header for "Origin" removed  	[MsgId: MMSG-26587]
Action.c(68): web_remove/revert_auto_header("Origin") was successful  	[MsgId: MMSG-26392]
Action.c(70): web_remove_auto_header("X-Requested-With") started  	[MsgId: MMSG-26355]
Action.c(70): Previous automatically added web header for "X-Requested-With" removed  	[MsgId: MMSG-26587]
Action.c(70): web_remove/revert_auto_header("X-Requested-With") was successful  	[MsgId: MMSG-26392]
Action.c(72): web_add_header("Authorization") started  	[MsgId: MMSG-26355]
Action.c(72): Warning -26594: The header being added may cause unpredictable results if applied to ALL the URLs generated on behalf of the next script function. It will apply to the primary URL only.  	[MsgId: MWAR-26594]
Action.c(72): web_add_header("Authorization") highest severity level was "warning"  	[MsgId: MMSG-26391]
Action.c(75): web_reg_save_param started  	[MsgId: MMSG-26355]
Action.c(75): Registering web_reg_save_param was successful  	[MsgId: MMSG-26390]
Action.c(80): web_reg_find started  	[MsgId: MMSG-26355]
Action.c(80): Registering web_reg_find was successful  	[MsgId: MMSG-26390]
Action.c(83): web_url("{userId}_3") started  	[MsgId: MMSG-26355]
Action.c(83): Registered web_reg_find successful for "Text=736403959" (count=1)  	[MsgId: MMSG-26364]
Action.c(83): web_url("{userId}_3") was successful, 248 body bytes, 455 header bytes  	[MsgId: MMSG-26386]
Action.c(93): web_add_auto_header("Origin") started  	[MsgId: MMSG-26355]
Action.c(93): web_add_auto_header("Origin") was successful  	[MsgId: MMSG-26392]
Action.c(96): web_custom_request("shippingcost") started  	[MsgId: MMSG-26355]
..\\Parameters\\common.h(202): Notify: Transaction "product_selection" started.	[MsgId: MMSG-16999]
..\\Parameters\\common.h(204): web_reg_find started  	[MsgId: MMSG-26355]
..\\Parameters\\common.h(204): Registering web_reg_find was successful  	[MsgId: MMSG-26390]
..\\Parameters\\common.h(207): web_url("20") started  	[MsgId: MMSG-26355]
..\\Parameters\\common.h(207): Registered web_reg_find successful for "Text=Bose Soundlink Bluetooth Speaker" (count=1)  	[MsgId: MMSG-26364]
..\\Parameters\\common.h(207): web_url("20") was successful, 580 body bytes, 375 header bytes  	[MsgId: MMSG-26386]
..\\Parameters\\common.h(217): web_url("products_2") started  	[MsgId: MMSG-26355]
Action.c(96): web_custom_request("shippingcost") was successful, 126 body bytes, 492 header bytes  	[MsgId: MMSG-26386]
Action.c(109): web_add_header("SOAPAction") started  	[MsgId: MMSG-26355]
Action.c(109): web_add_header("SOAPAction") was successful  	[MsgId: MMSG-26392]
Action.c(112): web_add_header("X-Requested-With") started  	[MsgId: MMSG-26355]
Action.c(112): web_add_header("X-Requested-With") was successful  	[MsgId: MMSG-26392]
Action.c(115): web_custom_request("GetAccountPaymentPreferencesRequest") started  	[MsgId: MMSG-26355]
..\\Parameters\\common.h(217): web_url("products_2") was successful, 1985 body bytes, 375 header bytes  	[MsgId: MMSG-26386]
..\\Parameters\\common.h(227): web_url("product-page.html") started  	[MsgId: MMSG-26355]
Action.c(115): web_custom_request("GetAccountPaymentPreferencesRequest") was successful, 492 body bytes, 735 header bytes  	[MsgId: MMSG-26386]
Action.c(128): web_remove_auto_header("Origin") started  	[MsgId: MMSG-26355]
Action.c(128): Previous automatically added web header for "Origin" removed  	[MsgId: MMSG-26587]
Action.c(128): web_remove/revert_auto_header("Origin") was successful  	[MsgId: MMSG-26392]
Action.c(130): web_url("orderPayment-page.html") started  	[MsgId: MMSG-26355]
..\\Parameters\\common.h(227): Found resource "https://www.advantageonlineshopping.com/css/images/review_right.png" in HTML "https://www.advantageonlineshopping.com/app/views/product-page.html"  	[MsgId: MMSG-26659]
..\\Parameters\\common.h(227): Found resource "https://www.advantageonlineshopping.com/css/images/reviewUser.png" in HTML "https://www.advantageonlineshopping.com/app/views/product-page.html"  	[MsgId: MMSG-26659]
..\\Parameters\\common.h(227): Found resource "https://www.advantageonlineshopping.com/css/images/review_Left_disabled.png" in HTML "https://www.advantageonlineshopping.com/app/views/product-page.html"  	[MsgId: MMSG-26659]
Action.c(130): web_url("orderPayment-page.html") was successful, 914 body bytes, 406 header bytes  	[MsgId: MMSG-26386]
Action.c(140): web_add_header("SOAPAction") started  	[MsgId: MMSG-26355]
Action.c(140): web_add_header("SOAPAction") was successful  	[MsgId: MMSG-26392]
Action.c(143): web_add_auto_header("Origin") started  	[MsgId: MMSG-26355]
Action.c(143): web_add_auto_header("Origin") was successful  	[MsgId: MMSG-26392]
Action.c(146): web_add_auto_header("X-Requested-With") started  	[MsgId: MMSG-26355]
Action.c(146): web_add_auto_header("X-Requested-With") was successful  	[MsgId: MMSG-26392]
Action.c(149): web_custom_request("GetCountriesRequest") started  	[MsgId: MMSG-26355]
..\\Parameters\\common.h(309): Notify: Transaction "Click_basket" started.	[MsgId: MMSG-16999]
..\\Parameters\\common.h(311): web_add_header("Authorization") started  	[MsgId: MMSG-26355]
..\\Parameters\\common.h(311): Warning -26594: The header being added may cause unpredictable results if applied to ALL the URLs generated on behalf of the next script function. It will apply to the primary URL only.  	[MsgId: MWAR-26594]
..\\Parameters\\common.h(311): web_add_header("Authorization") highest severity level was "warning"  	[MsgId: MMSG-26391]
..\\Parameters\\common.h(314): web_reg_find started  	[MsgId: MMSG-26355]
..\\Parameters\\common.h(314): Registering web_reg_find was successful  	[MsgId: MMSG-26390]
..\\Parameters\\common.h(317): web_url("{userId}_3") started  	[MsgId: MMSG-26355]
..\\Parameters\\common.h(227): web_url("product-page.html") was successful, 6064 body bytes, 1564 header bytes  	[MsgId: MMSG-26386]
..\\Parameters\\common.h(237): web_url("all_data") started  	[MsgId: MMSG-26355]
Action.c(149): web_custom_request("GetCountriesRequest") was successful, 4184 body bytes, 761 header bytes  	[MsgId: MMSG-26386]
Action.c(162): Notify: Transaction "Shipping_Details" ended with a "Pass" status (Duration: 2,3841 Wasted Time: 0,0000).	[MsgId: MMSG-16871]
Action.c(164): lr_think_time: 2,00 seconds.	[MsgId: MMSG-15948]
..\\Parameters\\common.h(317): Registered web_reg_find successful for "Text=658010104" (count=1)  	[MsgId: MMSG-26364]
..\\Parameters\\common.h(317): web_url("{userId}_3") was successful, 110 body bytes, 492 header bytes  	[MsgId: MMSG-26386]
..\\Parameters\\common.h(327): Notify: Transaction "Click_basket" ended with a "Pass" status (Duration: 0,2372 Wasted Time: 0,0000).	[MsgId: MMSG-16871]
Action.c(227): lr_think_time: 2,00 seconds.	[MsgId: MMSG-15948]
..\\Parameters\\common.h(237): web_url("all_data") was successful, 8494 body bytes, 375 header bytes  	[MsgId: MMSG-26386]
..\\Parameters\\common.h(247): Notify: Transaction "product_selection" ended with a "Pass" status (Duration: 1,6067 Wasted Time: 0,0000).	[MsgId: MMSG-16871]
Action.c(19): lr_think_time: 2,00 seconds.	[MsgId: MMSG-15948]
Action.c(166): Notify: Transaction "Pay_now" started.	[MsgId: MMSG-16999]
Action.c(168): web_add_header("SOAPAction") started  	[MsgId: MMSG-26355]
Action.c(168): web_add_header("SOAPAction") was successful  	[MsgId: MMSG-26392]
Action.c(171): web_custom_request("AddSafePayMethodRequest") started  	[MsgId: MMSG-26355]
..\\Parameters\\common.h(332): Notify: Transaction "log_out" started.	[MsgId: MMSG-16999]
..\\Parameters\\common.h(334): web_add_header("Origin") started  	[MsgId: MMSG-26355]
..\\Parameters\\common.h(334): web_add_header("Origin") was successful  	[MsgId: MMSG-26392]
..\\Parameters\\common.h(337): web_add_header("SOAPAction") started  	[MsgId: MMSG-26355]
..\\Parameters\\common.h(337): web_add_header("SOAPAction") was successful  	[MsgId: MMSG-26392]
..\\Parameters\\common.h(340): web_add_header("X-Requested-With") started  	[MsgId: MMSG-26355]
..\\Parameters\\common.h(340): web_add_header("X-Requested-With") was successful  	[MsgId: MMSG-26392]
..\\Parameters\\common.h(343): web_reg_find started  	[MsgId: MMSG-26355]
..\\Parameters\\common.h(343): Registering web_reg_find was successful  	[MsgId: MMSG-26390]
..\\Parameters\\common.h(346): web_custom_request("AccountLogoutRequest") started  	[MsgId: MMSG-26355]
Action.c(171): web_custom_request("AddSafePayMethodRequest") was successful, 408 body bytes, 735 header bytes  	[MsgId: MMSG-26386]
Action.c(186): web_add_header("Authorization") started  	[MsgId: MMSG-26355]
Action.c(186): Warning -26594: The header being added may cause unpredictable results if applied to ALL the URLs generated on behalf of the next script function. It will apply to the primary URL only.  	[MsgId: MWAR-26594]
Action.c(186): web_add_header("Authorization") highest severity level was "warning"  	[MsgId: MMSG-26391]
Action.c(189): web_remove_auto_header("X-Requested-With") started  	[MsgId: MMSG-26355]
Action.c(189): Previous automatically added web header for "X-Requested-With" removed  	[MsgId: MMSG-26587]
Action.c(189): web_remove/revert_auto_header("X-Requested-With") was successful  	[MsgId: MMSG-26392]
Action.c(192): web_custom_request("{userId}_4") started  	[MsgId: MMSG-26355]
..\\Parameters\\common.h(253): Notify: Transaction "Click_Checkout" started.	[MsgId: MMSG-16999]
..\\Parameters\\common.h(255): web_add_header("Authorization") started  	[MsgId: MMSG-26355]
..\\Parameters\\common.h(255): Warning -26594: The header being added may cause unpredictable results if applied to ALL the URLs generated on behalf of the next script function. It will apply to the primary URL only.  	[MsgId: MWAR-26594]
..\\Parameters\\common.h(255): web_add_header("Authorization") highest severity level was "warning"  	[MsgId: MMSG-26391]
..\\Parameters\\common.h(258): web_add_header("Origin") started  	[MsgId: MMSG-26355]
..\\Parameters\\common.h(258): web_add_header("Origin") was successful  	[MsgId: MMSG-26392]
..\\Parameters\\common.h(261): web_reg_find started  	[MsgId: MMSG-26355]
..\\Parameters\\common.h(261): Registering web_reg_find was successful  	[MsgId: MMSG-26390]
..\\Parameters\\common.h(264): web_submit_data("414141") started  	[MsgId: MMSG-26355]
..\\Parameters\\common.h(346): Registered web_reg_find successful for "Text=AccountLogoutResponse" (count=2)  	[MsgId: MMSG-26364]
..\\Parameters\\common.h(346): web_custom_request("AccountLogoutRequest") was successful, 402 body bytes, 735 header bytes  	[MsgId: MMSG-26386]
..\\Parameters\\common.h(358): Notify: Transaction "log_out" ended with a "Pass" status (Duration: 0,4037 Wasted Time: 0,0000).	[MsgId: MMSG-16871]
Action.c(231): Notify: Transaction "UC03_purchase_of_goods" ended with a "Pass" status (Duration: 27,0036 Think Time: 16,0646 Wasted Time: 0,0007).	[MsgId: MMSG-16870]
Ending action Action.	[MsgId: MMSG-15918]
Ending Vuser...	[MsgId: MMSG-15966]
Starting action vuser_end.	[MsgId: MMSG-15919]
Ending action vuser_end.	[MsgId: MMSG-15918]
Vuser Terminated.	[MsgId: MMSG-15963]
Action.c(192): web_custom_request("{userId}_4") was successful, 161 body bytes, 492 header bytes  	[MsgId: MMSG-26386]
Action.c(207): web_add_header("Authorization") started  	[MsgId: MMSG-26355]
Action.c(207): Warning -26594: The header being added may cause unpredictable results if applied to ALL the URLs generated on behalf of the next script function. It will apply to the primary URL only.  	[MsgId: MWAR-26594]
Action.c(207): web_add_header("Authorization") highest severity level was "warning"  	[MsgId: MMSG-26391]
Action.c(210): web_custom_request("{userId}_5") started  	[MsgId: MMSG-26355]
..\\Parameters\\common.h(264): Registered web_reg_find successful for "Text=Bose Soundlink Bluetooth Speaker II" (count=1)  	[MsgId: MMSG-26364]
..\\Parameters\\common.h(264): web_submit_data("414141") was successful, 214 body bytes, 572 header bytes  	[MsgId: MMSG-26386]
..\\Parameters\\common.h(275): web_add_header("Authorization") started  	[MsgId: MMSG-26355]
..\\Parameters\\common.h(275): Warning -26594: The header being added may cause unpredictable results if applied to ALL the URLs generated on behalf of the next script function. It will apply to the primary URL only.  	[MsgId: MWAR-26594]
..\\Parameters\\common.h(275): web_add_header("Authorization") highest severity level was "warning"  	[MsgId: MMSG-26391]
..\\Parameters\\common.h(278): web_reg_save_param started  	[MsgId: MMSG-26355]
..\\Parameters\\common.h(278): Registering web_reg_save_param was successful  	[MsgId: MMSG-26390]
..\\Parameters\\common.h(283): web_url("{userId}_2") started  	[MsgId: MMSG-26355]
Action.c(210): web_custom_request("{userId}_5") was successful, 66 body bytes, 492 header bytes  	[MsgId: MMSG-26386]
Action.c(221): Notify: Transaction "Pay_now" ended with a "Pass" status (Duration: 1,2711 Wasted Time: 0,0000).	[MsgId: MMSG-16871]
Action.c(223): lr_think_time: 2,00 seconds.	[MsgId: MMSG-15948]
..\\Parameters\\common.h(283): web_url("{userId}_2") was successful, 110 body bytes, 375 header bytes  	[MsgId: MMSG-26386]
..\\Parameters\\common.h(293): web_url("shoppingCart.html") started  	[MsgId: MMSG-26355]
..\\Parameters\\common.h(293): Found resource "https://www.advantageonlineshopping.com/css/images/Master_credit.png" in HTML "https://www.advantageonlineshopping.com/app/views/shoppingCart.html"  	[MsgId: MMSG-26659]
..\\Parameters\\common.h(293): Found resource "https://www.advantageonlineshopping.com/css/images/SafePay.png" in HTML "https://www.advantageonlineshopping.com/app/views/shoppingCart.html"  	[MsgId: MMSG-26659]
..\\Parameters\\common.h(293): web_url("shoppingCart.html") was successful, 7766 body bytes, 1178 header bytes  	[MsgId: MMSG-26386]
..\\Parameters\\common.h(303): Notify: Transaction "Click_Checkout" ended with a "Pass" status (Duration: 1,3259 Wasted Time: 0,0000).	[MsgId: MMSG-16871]
Action.c(23): lr_think_time: 2,00 seconds.	[MsgId: MMSG-15948]
..\\Parameters\\common.h(309): Notify: Transaction "Click_basket" started.	[MsgId: MMSG-16999]
..\\Parameters\\common.h(311): web_add_header("Authorization") started  	[MsgId: MMSG-26355]
..\\Parameters\\common.h(311): Warning -26594: The header being added may cause unpredictable results if applied to ALL the URLs generated on behalf of the next script function. It will apply to the primary URL only.  	[MsgId: MWAR-26594]
..\\Parameters\\common.h(311): web_add_header("Authorization") highest severity level was "warning"  	[MsgId: MMSG-26391]
..\\Parameters\\common.h(314): web_reg_find started  	[MsgId: MMSG-26355]
..\\Parameters\\common.h(314): Registering web_reg_find was successful  	[MsgId: MMSG-26390]
..\\Parameters\\common.h(317): web_url("{userId}_3") started  	[MsgId: MMSG-26355]
..\\Parameters\\common.h(317): Registered web_reg_find successful for "Text=736403959" (count=1)  	[MsgId: MMSG-26364]
..\\Parameters\\common.h(317): web_url("{userId}_3") was successful, 111 body bytes, 492 header bytes  	[MsgId: MMSG-26386]
..\\Parameters\\common.h(327): Notify: Transaction "Click_basket" ended with a "Pass" status (Duration: 0,2579 Wasted Time: 0,0000).	[MsgId: MMSG-16871]
Action.c(227): lr_think_time: 2,00 seconds.	[MsgId: MMSG-15948]
Action.c(25): Notify: Transaction "Shipping_Details" started.	[MsgId: MMSG-16999]
Action.c(27): web_add_header("SOAPAction") started  	[MsgId: MMSG-26355]
Action.c(27): web_add_header("SOAPAction") was successful  	[MsgId: MMSG-26392]
Action.c(30): web_add_auto_header("Origin") started  	[MsgId: MMSG-26355]
Action.c(30): web_add_auto_header("Origin") was successful  	[MsgId: MMSG-26392]
Action.c(33): web_add_auto_header("X-Requested-With") started  	[MsgId: MMSG-26355]
Action.c(33): web_add_auto_header("X-Requested-With") was successful  	[MsgId: MMSG-26392]
Action.c(36): web_reg_find started  	[MsgId: MMSG-26355]
Action.c(36): Registering web_reg_find was successful  	[MsgId: MMSG-26390]
Action.c(39): web_custom_request("GetAccountByIdRequest") started  	[MsgId: MMSG-26355]
Action.c(39): Registered web_reg_find successful for "Text=736403959" (count=1)  	[MsgId: MMSG-26364]
Action.c(39): web_custom_request("GetAccountByIdRequest") was successful, 1187 body bytes, 736 header bytes  	[MsgId: MMSG-26386]
Action.c(52): web_add_header("SOAPAction") started  	[MsgId: MMSG-26355]
Action.c(52): web_add_header("SOAPAction") was successful  	[MsgId: MMSG-26392]
Action.c(55): web_custom_request("GetAccountByIdNewRequest") started  	[MsgId: MMSG-26355]
Action.c(55): web_custom_request("GetAccountByIdNewRequest") was successful, 1118 body bytes, 736 header bytes  	[MsgId: MMSG-26386]
Action.c(68): web_remove_auto_header("Origin") started  	[MsgId: MMSG-26355]
Action.c(68): Previous automatically added web header for "Origin" removed  	[MsgId: MMSG-26587]
Action.c(68): web_remove/revert_auto_header("Origin") was successful  	[MsgId: MMSG-26392]
Action.c(70): web_remove_auto_header("X-Requested-With") started  	[MsgId: MMSG-26355]
Action.c(70): Previous automatically added web header for "X-Requested-With" removed  	[MsgId: MMSG-26587]
Action.c(70): web_remove/revert_auto_header("X-Requested-With") was successful  	[MsgId: MMSG-26392]
Action.c(72): web_add_header("Authorization") started  	[MsgId: MMSG-26355]
Action.c(72): Warning -26594: The header being added may cause unpredictable results if applied to ALL the URLs generated on behalf of the next script function. It will apply to the primary URL only.  	[MsgId: MWAR-26594]
Action.c(72): web_add_header("Authorization") highest severity level was "warning"  	[MsgId: MMSG-26391]
Action.c(75): web_reg_save_param started  	[MsgId: MMSG-26355]
Action.c(75): Registering web_reg_save_param was successful  	[MsgId: MMSG-26390]
Action.c(80): web_reg_find started  	[MsgId: MMSG-26355]
Action.c(80): Registering web_reg_find was successful  	[MsgId: MMSG-26390]
Action.c(83): web_url("{userId}_3") started  	[MsgId: MMSG-26355]
Action.c(83): Registered web_reg_find successful for "Text=736403959" (count=1)  	[MsgId: MMSG-26364]
Action.c(83): web_url("{userId}_3") was successful, 111 body bytes, 455 header bytes  	[MsgId: MMSG-26386]
Action.c(93): web_add_auto_header("Origin") started  	[MsgId: MMSG-26355]
Action.c(93): web_add_auto_header("Origin") was successful  	[MsgId: MMSG-26392]
Action.c(96): web_custom_request("shippingcost") started  	[MsgId: MMSG-26355]
Action.c(96): web_custom_request("shippingcost") was successful, 126 body bytes, 492 header bytes  	[MsgId: MMSG-26386]
Action.c(109): web_add_header("SOAPAction") started  	[MsgId: MMSG-26355]
Action.c(109): web_add_header("SOAPAction") was successful  	[MsgId: MMSG-26392]
Action.c(112): web_add_header("X-Requested-With") started  	[MsgId: MMSG-26355]
Action.c(112): web_add_header("X-Requested-With") was successful  	[MsgId: MMSG-26392]
Action.c(115): web_custom_request("GetAccountPaymentPreferencesRequest") started  	[MsgId: MMSG-26355]
Action.c(115): web_custom_request("GetAccountPaymentPreferencesRequest") was successful, 492 body bytes, 735 header bytes  	[MsgId: MMSG-26386]
Action.c(128): web_remove_auto_header("Origin") started  	[MsgId: MMSG-26355]
Action.c(128): Previous automatically added web header for "Origin" removed  	[MsgId: MMSG-26587]
Action.c(128): web_remove/revert_auto_header("Origin") was successful  	[MsgId: MMSG-26392]
Action.c(130): web_url("orderPayment-page.html") started  	[MsgId: MMSG-26355]
..\\Parameters\\common.h(332): Notify: Transaction "log_out" started.	[MsgId: MMSG-16999]
..\\Parameters\\common.h(334): web_add_header("Origin") started  	[MsgId: MMSG-26355]
..\\Parameters\\common.h(334): web_add_header("Origin") was successful  	[MsgId: MMSG-26392]
..\\Parameters\\common.h(337): web_add_header("SOAPAction") started  	[MsgId: MMSG-26355]
..\\Parameters\\common.h(337): web_add_header("SOAPAction") was successful  	[MsgId: MMSG-26392]
..\\Parameters\\common.h(340): web_add_header("X-Requested-With") started  	[MsgId: MMSG-26355]
..\\Parameters\\common.h(340): web_add_header("X-Requested-With") was successful  	[MsgId: MMSG-26392]
..\\Parameters\\common.h(343): web_reg_find started  	[MsgId: MMSG-26355]
..\\Parameters\\common.h(343): Registering web_reg_find was successful  	[MsgId: MMSG-26390]
..\\Parameters\\common.h(346): web_custom_request("AccountLogoutRequest") started  	[MsgId: MMSG-26355]
Action.c(130): web_url("orderPayment-page.html") was successful, 914 body bytes, 406 header bytes  	[MsgId: MMSG-26386]
Action.c(140): web_add_header("SOAPAction") started  	[MsgId: MMSG-26355]
Action.c(140): web_add_header("SOAPAction") was successful  	[MsgId: MMSG-26392]
Action.c(143): web_add_auto_header("Origin") started  	[MsgId: MMSG-26355]
Action.c(143): web_add_auto_header("Origin") was successful  	[MsgId: MMSG-26392]
Action.c(146): web_add_auto_header("X-Requested-With") started  	[MsgId: MMSG-26355]
Action.c(146): web_add_auto_header("X-Requested-With") was successful  	[MsgId: MMSG-26392]
Action.c(149): web_custom_request("GetCountriesRequest") started  	[MsgId: MMSG-26355]
Action.c(149): web_custom_request("GetCountriesRequest") was successful, 4184 body bytes, 761 header bytes  	[MsgId: MMSG-26386]
Action.c(162): Notify: Transaction "Shipping_Details" ended with a "Pass" status (Duration: 2,1055 Wasted Time: 0,0000).	[MsgId: MMSG-16871]
Action.c(164): lr_think_time: 2,00 seconds.	[MsgId: MMSG-15948]
..\\Parameters\\common.h(346): Registered web_reg_find successful for "Text=AccountLogoutResponse" (count=2)  	[MsgId: MMSG-26364]
..\\Parameters\\common.h(346): web_custom_request("AccountLogoutRequest") was successful, 402 body bytes, 735 header bytes  	[MsgId: MMSG-26386]
..\\Parameters\\common.h(358): Notify: Transaction "log_out" ended with a "Pass" status (Duration: 0,3958 Wasted Time: 0,0000).	[MsgId: MMSG-16871]
Action.c(231): Notify: Transaction "UC03_purchase_of_goods" ended with a "Pass" status (Duration: 26,8537 Think Time: 16,0549 Wasted Time: 0,0007).	[MsgId: MMSG-16870]
Ending action Action.	[MsgId: MMSG-15918]
Ending Vuser...	[MsgId: MMSG-15966]
Starting action vuser_end.	[MsgId: MMSG-15919]
Ending action vuser_end.	[MsgId: MMSG-15918]
Vuser Terminated.	[MsgId: MMSG-15963]
Action.c(166): Notify: Transaction "Pay_now" started.	[MsgId: MMSG-16999]
Action.c(168): web_add_header("SOAPAction") started  	[MsgId: MMSG-26355]
Action.c(168): web_add_header("SOAPAction") was successful  	[MsgId: MMSG-26392]
Action.c(171): web_custom_request("AddSafePayMethodRequest") started  	[MsgId: MMSG-26355]
Action.c(171): web_custom_request("AddSafePayMethodRequest") was successful, 408 body bytes, 735 header bytes  	[MsgId: MMSG-26386]
Action.c(186): web_add_header("Authorization") started  	[MsgId: MMSG-26355]
Action.c(186): Warning -26594: The header being added may cause unpredictable results if applied to ALL the URLs generated on behalf of the next script function. It will apply to the primary URL only.  	[MsgId: MWAR-26594]
Action.c(186): web_add_header("Authorization") highest severity level was "warning"  	[MsgId: MMSG-26391]
Action.c(189): web_remove_auto_header("X-Requested-With") started  	[MsgId: MMSG-26355]
Action.c(189): Previous automatically added web header for "X-Requested-With" removed  	[MsgId: MMSG-26587]
Action.c(189): web_remove/revert_auto_header("X-Requested-With") was successful  	[MsgId: MMSG-26392]
Action.c(192): web_custom_request("{userId}_4") started  	[MsgId: MMSG-26355]
Action.c(192): web_custom_request("{userId}_4") was successful, 162 body bytes, 492 header bytes  	[MsgId: MMSG-26386]
Action.c(207): web_add_header("Authorization") started  	[MsgId: MMSG-26355]
Action.c(207): Warning -26594: The header being added may cause unpredictable results if applied to ALL the URLs generated on behalf of the next script function. It will apply to the primary URL only.  	[MsgId: MWAR-26594]
Action.c(207): web_add_header("Authorization") highest severity level was "warning"  	[MsgId: MMSG-26391]
Action.c(210): web_custom_request("{userId}_5") started  	[MsgId: MMSG-26355]
Action.c(210): web_custom_request("{userId}_5") was successful, 66 body bytes, 492 header bytes  	[MsgId: MMSG-26386]
Action.c(221): Notify: Transaction "Pay_now" ended with a "Pass" status (Duration: 1,3553 Wasted Time: 0,0000).	[MsgId: MMSG-16871]
Action.c(223): lr_think_time: 2,00 seconds.	[MsgId: MMSG-15948]
..\\Parameters\\common.h(309): Notify: Transaction "Click_basket" started.	[MsgId: MMSG-16999]
..\\Parameters\\common.h(311): web_add_header("Authorization") started  	[MsgId: MMSG-26355]
..\\Parameters\\common.h(311): Warning -26594: The header being added may cause unpredictable results if applied to ALL the URLs generated on behalf of the next script function. It will apply to the primary URL only.  	[MsgId: MWAR-26594]
..\\Parameters\\common.h(311): web_add_header("Authorization") highest severity level was "warning"  	[MsgId: MMSG-26391]
..\\Parameters\\common.h(314): web_reg_find started  	[MsgId: MMSG-26355]
..\\Parameters\\common.h(314): Registering web_reg_find was successful  	[MsgId: MMSG-26390]
..\\Parameters\\common.h(317): web_url("{userId}_3") started  	[MsgId: MMSG-26355]
..\\Parameters\\common.h(317): Registered web_reg_find successful for "Text=736403959" (count=1)  	[MsgId: MMSG-26364]
..\\Parameters\\common.h(317): web_url("{userId}_3") was successful, 110 body bytes, 572 header bytes  	[MsgId: MMSG-26386]
..\\Parameters\\common.h(327): Notify: Transaction "Click_basket" ended with a "Pass" status (Duration: 0,2430 Wasted Time: 0,0000).	[MsgId: MMSG-16871]
Action.c(227): lr_think_time: 2,00 seconds.	[MsgId: MMSG-15948]
..\\Parameters\\common.h(332): Notify: Transaction "log_out" started.	[MsgId: MMSG-16999]
..\\Parameters\\common.h(334): web_add_header("Origin") started  	[MsgId: MMSG-26355]
..\\Parameters\\common.h(334): web_add_header("Origin") was successful  	[MsgId: MMSG-26392]
..\\Parameters\\common.h(337): web_add_header("SOAPAction") started  	[MsgId: MMSG-26355]
..\\Parameters\\common.h(337): web_add_header("SOAPAction") was successful  	[MsgId: MMSG-26392]
..\\Parameters\\common.h(340): web_add_header("X-Requested-With") started  	[MsgId: MMSG-26355]
..\\Parameters\\common.h(340): web_add_header("X-Requested-With") was successful  	[MsgId: MMSG-26392]
..\\Parameters\\common.h(343): web_reg_find started  	[MsgId: MMSG-26355]
..\\Parameters\\common.h(343): Registering web_reg_find was successful  	[MsgId: MMSG-26390]
..\\Parameters\\common.h(346): web_custom_request("AccountLogoutRequest") started  	[MsgId: MMSG-26355]
..\\Parameters\\common.h(346): Registered web_reg_find successful for "Text=AccountLogoutResponse" (count=2)  	[MsgId: MMSG-26364]
..\\Parameters\\common.h(346): web_custom_request("AccountLogoutRequest") was successful, 402 body bytes, 735 header bytes  	[MsgId: MMSG-26386]
..\\Parameters\\common.h(358): Notify: Transaction "log_out" ended with a "Pass" status (Duration: 0,3997 Wasted Time: 0,0000).	[MsgId: MMSG-16871]
Action.c(231): Notify: Transaction "UC03_purchase_of_goods" ended with a "Pass" status (Duration: 26,8078 Think Time: 16,0642 Wasted Time: 0,0007).	[MsgId: MMSG-16870]
Ending action Action.	[MsgId: MMSG-15918]
Ending Vuser...	[MsgId: MMSG-15966]
Starting action vuser_end.	[MsgId: MMSG-15919]
Ending action vuser_end.	[MsgId: MMSG-15918]
Vuser Terminated.	[MsgId: MMSG-15963]
