Virtual User Script started at: 31.05.2023 18:10:52
Starting action vuser_init.
Web Turbo Replay of LoadRunner 2021.0.0 for Windows 10; build 430 (џэт 05 2021 19:27:22)  	[MsgId: MMSG-26983]
Run mode: HTML  	[MsgId: MMSG-26993]
Replay user agent: Mozilla/5.0 (Windows NT 10.0; Win64; x64) AppleWebKit/537.36 (KHTML, like Gecko) Chrome/113.0.0.0 Safari/537.36  	[MsgId: MMSG-26988]
Runtime Settings file: "C:\Users\admin\Desktop\LoadRunner_final_task\scripts\UC05_booking_of_goods\\default.cfg"  	[MsgId: MMSG-27141]
Ending action vuser_init.
Running Vuser...
Starting iteration 1.
Maximum number of concurrent connections per server: 6  	[MsgId: MMSG-26989]
Starting action Action.
Action.c(3): Notify: Transaction "UC05_booking_of_goods" started.
..\\Parameters\\common.h(3): Notify: Transaction "Open_homepage" started.
..\\Parameters\\common.h(5): web_set_sockets_option started  	[MsgId: MMSG-26355]
..\\Parameters\\common.h(5): web_set_sockets_option was successful  	[MsgId: MMSG-26392]
..\\Parameters\\common.h(7): web_add_cookie started  	[MsgId: MMSG-26355]
..\\Parameters\\common.h(7): web_add_cookie was successful  	[MsgId: MMSG-26392]
..\\Parameters\\common.h(9): web_add_cookie started  	[MsgId: MMSG-26355]
..\\Parameters\\common.h(9): web_add_cookie was successful  	[MsgId: MMSG-26392]
..\\Parameters\\common.h(11): web_add_cookie started  	[MsgId: MMSG-26355]
..\\Parameters\\common.h(11): web_add_cookie was successful  	[MsgId: MMSG-26392]
..\\Parameters\\common.h(13): web_add_auto_header("Sec-Fetch-Dest") started  	[MsgId: MMSG-26355]
..\\Parameters\\common.h(13): web_add_auto_header("Sec-Fetch-Dest") was successful  	[MsgId: MMSG-26392]
..\\Parameters\\common.h(16): web_add_auto_header("Sec-Fetch-Mode") started  	[MsgId: MMSG-26355]
..\\Parameters\\common.h(16): web_add_auto_header("Sec-Fetch-Mode") was successful  	[MsgId: MMSG-26392]
..\\Parameters\\common.h(19): web_add_auto_header("Sec-Fetch-Site") started  	[MsgId: MMSG-26355]
..\\Parameters\\common.h(19): web_add_auto_header("Sec-Fetch-Site") was successful  	[MsgId: MMSG-26392]
..\\Parameters\\common.h(22): web_add_auto_header("sec-ch-ua") started  	[MsgId: MMSG-26355]
..\\Parameters\\common.h(22): web_add_auto_header("sec-ch-ua") was successful  	[MsgId: MMSG-26392]
..\\Parameters\\common.h(25): web_add_auto_header("sec-ch-ua-mobile") started  	[MsgId: MMSG-26355]
..\\Parameters\\common.h(25): web_add_auto_header("sec-ch-ua-mobile") was successful  	[MsgId: MMSG-26392]
..\\Parameters\\common.h(28): web_add_auto_header("sec-ch-ua-platform") started  	[MsgId: MMSG-26355]
..\\Parameters\\common.h(28): web_add_auto_header("sec-ch-ua-platform") was successful  	[MsgId: MMSG-26392]
..\\Parameters\\common.h(32): web_url("ALL") started  	[MsgId: MMSG-26355]
..\\Parameters\\common.h(32): web_url("ALL") was successful, 6541 body bytes, 375 header bytes  	[MsgId: MMSG-26386]
..\\Parameters\\common.h(42): web_add_cookie started  	[MsgId: MMSG-26355]
..\\Parameters\\common.h(42): web_add_cookie was successful  	[MsgId: MMSG-26392]
..\\Parameters\\common.h(44): web_add_header("Origin") started  	[MsgId: MMSG-26355]
..\\Parameters\\common.h(44): web_add_header("Origin") was successful  	[MsgId: MMSG-26392]
..\\Parameters\\common.h(47): web_add_header("SOAPAction") started  	[MsgId: MMSG-26355]
..\\Parameters\\common.h(47): web_add_header("SOAPAction") was successful  	[MsgId: MMSG-26392]
..\\Parameters\\common.h(50): web_add_header("X-Requested-With") started  	[MsgId: MMSG-26355]
..\\Parameters\\common.h(50): web_add_header("X-Requested-With") was successful  	[MsgId: MMSG-26392]
..\\Parameters\\common.h(53): web_reg_find started  	[MsgId: MMSG-26355]
..\\Parameters\\common.h(53): Registering web_reg_find was successful  	[MsgId: MMSG-26390]
..\\Parameters\\common.h(56): web_custom_request("GetAccountConfigurationRequest") started  	[MsgId: MMSG-26355]
..\\Parameters\\common.h(56): Registered web_reg_find successful for "Text=advantageonlineshopping.com" (count=1)  	[MsgId: MMSG-26364]
..\\Parameters\\common.h(56): web_custom_request("GetAccountConfigurationRequest") was successful, 823 body bytes, 735 header bytes  	[MsgId: MMSG-26386]
..\\Parameters\\common.h(69): web_url("categories") started  	[MsgId: MMSG-26355]
..\\Parameters\\common.h(69): web_url("categories") was successful, 4463 body bytes, 375 header bytes  	[MsgId: MMSG-26386]
..\\Parameters\\common.h(79): web_url("search") started  	[MsgId: MMSG-26355]
..\\Parameters\\common.h(79): web_url("search") was successful, 351 body bytes, 375 header bytes  	[MsgId: MMSG-26386]
..\\Parameters\\common.h(89): web_url("home-page.html") started  	[MsgId: MMSG-26355]
..\\Parameters\\common.h(89): Found resource "https://www.advantageonlineshopping.com/app/views/css/images/Special-offer.jpg" in HTML "https://www.advantageonlineshopping.com/app/views/home-page.html"  	[MsgId: MMSG-26659]
..\\Parameters\\common.h(89): Found resource "https://www.advantageonlineshopping.com/css/images/chat_logo.png" in HTML "https://www.advantageonlineshopping.com/app/views/home-page.html"  	[MsgId: MMSG-26659]
..\\Parameters\\common.h(89): Found resource "https://www.advantageonlineshopping.com/app/views/" in HTML "https://www.advantageonlineshopping.com/app/views/home-page.html"  	[MsgId: MMSG-26659]
..\\Parameters\\common.h(89): Downloading resource "https://www.advantageonlineshopping.com/css/fonts/roboto_bold_macroman/Roboto-Bold-webfont.woff" (specified by argument number 8)  	[MsgId: MMSG-26577]
..\\Parameters\\common.h(89): Downloading resource "https://www.advantageonlineshopping.com/css/fonts/roboto_thin_macroman/Roboto-Thin-webfont.woff" (specified by argument number 11)  	[MsgId: MMSG-26577]
..\\Parameters\\common.h(89): Warning -26627: HTTP Status-Code=404 (Not Found) for "https://www.advantageonlineshopping.com/app/views/css/images/Special-offer.jpg"  	[MsgId: MWAR-26627]
..\\Parameters\\common.h(89): Warning -26627: HTTP Status-Code=404 (Not Found) for "https://www.advantageonlineshopping.com/app/views/"  	[MsgId: MWAR-26627]
..\\Parameters\\common.h(89): web_url("home-page.html") highest severity level was "warning", 56011 body bytes, 2201 header bytes  	[MsgId: MMSG-26388]
..\\Parameters\\common.h(99): Notify: Transaction "Open_homepage" ended with a "Pass" status (Duration: 2,8626 Wasted Time: 0,1185).
Action.c(7): lr_think_time: 2,00 seconds.
..\\Parameters\\common.h(104): Notify: Transaction "log_in" started.
..\\Parameters\\common.h(106): web_add_header("Origin") started  	[MsgId: MMSG-26355]
..\\Parameters\\common.h(106): web_add_header("Origin") was successful  	[MsgId: MMSG-26392]
..\\Parameters\\common.h(109): web_add_header("SOAPAction") started  	[MsgId: MMSG-26355]
..\\Parameters\\common.h(109): web_add_header("SOAPAction") was successful  	[MsgId: MMSG-26392]
..\\Parameters\\common.h(112): web_add_header("X-Requested-With") started  	[MsgId: MMSG-26355]
..\\Parameters\\common.h(112): web_add_header("X-Requested-With") was successful  	[MsgId: MMSG-26392]
..\\Parameters\\common.h(115): web_reg_save_param started  	[MsgId: MMSG-26355]
..\\Parameters\\common.h(115): Registering web_reg_save_param was successful  	[MsgId: MMSG-26390]
..\\Parameters\\common.h(120): web_reg_save_param started  	[MsgId: MMSG-26355]
..\\Parameters\\common.h(120): Registering web_reg_save_param was successful  	[MsgId: MMSG-26390]
..\\Parameters\\common.h(125): web_reg_find started  	[MsgId: MMSG-26355]
..\\Parameters\\common.h(125): Registering web_reg_find was successful  	[MsgId: MMSG-26390]
..\\Parameters\\common.h(128): web_custom_request("AccountLoginRequest") started  	[MsgId: MMSG-26355]
..\\Parameters\\common.h(128): Registered web_reg_find successful for "Text=Login Successful" (count=1)  	[MsgId: MMSG-26364]
..\\Parameters\\common.h(128): web_custom_request("AccountLoginRequest") was successful, 776 body bytes, 735 header bytes  	[MsgId: MMSG-26386]
..\\Parameters\\common.h(141): web_set_sockets_option started  	[MsgId: MMSG-26355]
..\\Parameters\\common.h(141): web_set_sockets_option was successful  	[MsgId: MMSG-26392]
..\\Parameters\\common.h(144): web_url("register-page.html") started  	[MsgId: MMSG-26355]
..\\Parameters\\common.h(144): web_url("register-page.html") was successful, 1469 body bytes, 406 header bytes  	[MsgId: MMSG-26386]
..\\Parameters\\common.h(153): Notify: Transaction "log_in" ended with a "Pass" status (Duration: 0.5527 Wasted Time: 0.0097).
Action.c(11): lr_think_time: 2.00 seconds.
..\\Parameters\\common.h(159): Notify: Transaction "open_categories_speakers" started.
..\\Parameters\\common.h(161): web_reg_find started  	[MsgId: MMSG-26355]
..\\Parameters\\common.h(161): Registering web_reg_find was successful  	[MsgId: MMSG-26390]
..\\Parameters\\common.h(164): web_url("products") started  	[MsgId: MMSG-26355]
..\\Parameters\\common.h(164): Registered web_reg_find successful for "Text=SPEAKERS" (count=2)  	[MsgId: MMSG-26364]
..\\Parameters\\common.h(164): web_url("products") was successful, 1980 body bytes, 375 header bytes  	[MsgId: MMSG-26386]
..\\Parameters\\common.h(174): web_url("attributes") started  	[MsgId: MMSG-26355]
..\\Parameters\\common.h(174): web_url("attributes") was successful, 552 body bytes, 375 header bytes  	[MsgId: MMSG-26386]
..\\Parameters\\common.h(184): web_url("category-page.html") started  	[MsgId: MMSG-26355]
..\\Parameters\\common.h(184): web_url("category-page.html") was successful, 741 body bytes, 361 header bytes  	[MsgId: MMSG-26386]
..\\Parameters\\common.h(194): Notify: Transaction "open_categories_speakers" ended with a "Pass" status (Duration: 0.7505 Wasted Time: 0.0133).
Action.c(15): lr_think_time: 2.00 seconds.
..\\Parameters\\common.h(202): Notify: Transaction "product_selection" started.
..\\Parameters\\common.h(204): web_reg_find started  	[MsgId: MMSG-26355]
..\\Parameters\\common.h(204): Registering web_reg_find was successful  	[MsgId: MMSG-26390]
..\\Parameters\\common.h(207): web_url("20") started  	[MsgId: MMSG-26355]
..\\Parameters\\common.h(207): Registered web_reg_find successful for "Text=Bose Soundlink Bluetooth Speaker" (count=1)  	[MsgId: MMSG-26364]
..\\Parameters\\common.h(207): web_url("20") was successful, 578 body bytes, 375 header bytes  	[MsgId: MMSG-26386]
..\\Parameters\\common.h(217): web_url("products_2") started  	[MsgId: MMSG-26355]
..\\Parameters\\common.h(217): web_url("products_2") was successful, 1981 body bytes, 375 header bytes  	[MsgId: MMSG-26386]
..\\Parameters\\common.h(227): web_url("product-page.html") started  	[MsgId: MMSG-26355]
..\\Parameters\\common.h(227): Found resource "https://www.advantageonlineshopping.com/css/images/review_right.png" in HTML "https://www.advantageonlineshopping.com/app/views/product-page.html"  	[MsgId: MMSG-26659]
..\\Parameters\\common.h(227): Found resource "https://www.advantageonlineshopping.com/css/images/reviewUser.png" in HTML "https://www.advantageonlineshopping.com/app/views/product-page.html"  	[MsgId: MMSG-26659]
..\\Parameters\\common.h(227): Found resource "https://www.advantageonlineshopping.com/css/images/review_Left_disabled.png" in HTML "https://www.advantageonlineshopping.com/app/views/product-page.html"  	[MsgId: MMSG-26659]
..\\Parameters\\common.h(227): web_url("product-page.html") was successful, 6064 body bytes, 1564 header bytes  	[MsgId: MMSG-26386]
..\\Parameters\\common.h(237): web_url("all_data") started  	[MsgId: MMSG-26355]
..\\Parameters\\common.h(237): web_url("all_data") was successful, 8529 body bytes, 375 header bytes  	[MsgId: MMSG-26386]
..\\Parameters\\common.h(247): Notify: Transaction "product_selection" ended with a "Pass" status (Duration: 1,7211 Wasted Time: 0,0215).
Action.c(19): lr_think_time: 2,00 seconds.
..\\Parameters\\common.h(253): Notify: Transaction "Click_Checkout" started.
..\\Parameters\\common.h(255): web_add_header("Authorization") started  	[MsgId: MMSG-26355]
..\\Parameters\\common.h(255): Warning -26594: The header being added may cause unpredictable results if applied to ALL the URLs generated on behalf of the next script function. It will apply to the primary URL only.  	[MsgId: MWAR-26594]
..\\Parameters\\common.h(255): web_add_header("Authorization") highest severity level was "warning"  	[MsgId: MMSG-26391]
..\\Parameters\\common.h(258): web_add_header("Origin") started  	[MsgId: MMSG-26355]
..\\Parameters\\common.h(258): web_add_header("Origin") was successful  	[MsgId: MMSG-26392]
..\\Parameters\\common.h(263): web_submit_data("414141") started  	[MsgId: MMSG-26355]
..\\Parameters\\common.h(263): web_submit_data("414141") was successful, 214 body bytes, 572 header bytes  	[MsgId: MMSG-26386]
..\\Parameters\\common.h(274): web_add_header("Authorization") started  	[MsgId: MMSG-26355]
..\\Parameters\\common.h(274): Warning -26594: The header being added may cause unpredictable results if applied to ALL the URLs generated on behalf of the next script function. It will apply to the primary URL only.  	[MsgId: MWAR-26594]
..\\Parameters\\common.h(274): web_add_header("Authorization") highest severity level was "warning"  	[MsgId: MMSG-26391]
..\\Parameters\\common.h(277): web_reg_save_param started  	[MsgId: MMSG-26355]
..\\Parameters\\common.h(277): Registering web_reg_save_param was successful  	[MsgId: MMSG-26390]
..\\Parameters\\common.h(282): web_url("{userId}_2") started  	[MsgId: MMSG-26355]
..\\Parameters\\common.h(282): web_url("{userId}_2") was successful, 248 body bytes, 375 header bytes  	[MsgId: MMSG-26386]
..\\Parameters\\common.h(292): web_url("shoppingCart.html") started  	[MsgId: MMSG-26355]
..\\Parameters\\common.h(292): Found resource "https://www.advantageonlineshopping.com/css/images/Master_credit.png" in HTML "https://www.advantageonlineshopping.com/app/views/shoppingCart.html"  	[MsgId: MMSG-26659]
..\\Parameters\\common.h(292): Found resource "https://www.advantageonlineshopping.com/css/images/SafePay.png" in HTML "https://www.advantageonlineshopping.com/app/views/shoppingCart.html"  	[MsgId: MMSG-26659]
..\\Parameters\\common.h(292): web_url("shoppingCart.html") was successful, 7766 body bytes, 1178 header bytes  	[MsgId: MMSG-26386]
..\\Parameters\\common.h(302): Notify: Transaction "Click_Checkout" ended with a "Pass" status (Duration: 1,4965 Wasted Time: 0,0152).
Action.c(23): Notify: Transaction "UC05_booking_of_goods" ended with a "Pass" status (Duration: 15,5493 Think Time: 8,0289 Wasted Time: 0,1782).
Ending action Action.
Ending iteration 1.
Ending Vuser...
Starting action vuser_end.
Ending action vuser_end.
Vuser Terminated.
